------Start of DE processing------ = [18/07/2021 17:10:31:606 BRT]
Exception = java.security.PrivilegedActionException
Source = com.ibm.ws.jaxws.client.injection.ServiceRefObjectFactory
probeid = 474
Stack Dump = java.security.PrivilegedActionException: java.lang.reflect.InvocationTargetException
	at java.base/java.security.AccessController.doPrivileged(AccessController.java:556)
	at com.ibm.ws.jaxws.client.injection.ServiceRefObjectFactory.getServiceInstance(ServiceRefObjectFactory.java:467)
	at com.ibm.ws.jaxws.client.injection.ServiceRefObjectFactory.getInstance(ServiceRefObjectFactory.java:307)
	at com.ibm.ws.jaxws.client.injection.ServiceRefObjectFactory.getObjectInstance(ServiceRefObjectFactory.java:279)
	at com.ibm.wsspi.injectionengine.InjectionBinding.getInjectionObjectInstance(InjectionBinding.java:1552)
	at com.ibm.wsspi.injectionengine.InjectionBinding.getInjectionObject(InjectionBinding.java:1428)
	at com.ibm.wsspi.injectionengine.InjectionBinding.getInjectableObject(InjectionBinding.java:1368)
	at com.ibm.wsspi.injectionengine.InjectionTarget.inject(InjectionTarget.java:104)
	at com.ibm.ws.managedobject.internal.ManagedObjectImpl.inject(ManagedObjectImpl.java:96)
	at com.ibm.ws.managedobject.internal.ManagedObjectImpl.inject(ManagedObjectImpl.java:87)
	at com.ibm.ws.webcontainer.osgi.webapp.WebApp.inject(WebApp.java:1276)
	at com.ibm.ws.webcontainer.osgi.webapp.WebApp.injectAndPostConstruct(WebApp.java:1417)
	at com.ibm.ws.webcontainer.osgi.webapp.WebApp.injectAndPostConstruct(WebApp.java:1405)
	at com.ibm.ws.webcontainer.osgi.servlet.ServletWrapper.createTarget(ServletWrapper.java:63)
	at com.ibm.ws.webcontainer.servlet.ServletWrapper$1.run(ServletWrapper.java:1543)
	at java.base/java.security.AccessController.doPrivileged(AccessController.java:552)
	at com.ibm.ws.webcontainer.servlet.ServletWrapper.loadServlet(ServletWrapper.java:1511)
	at com.ibm.ws.webcontainer.servlet.ServletWrapper.handleRequest(ServletWrapper.java:590)
	at com.ibm.ws.webcontainer.servlet.ServletWrapper.handleRequest(ServletWrapper.java:443)
	at com.ibm.ws.webcontainer.filter.WebAppFilterManager.invokeFilters(WebAppFilterManager.java:1227)
	at com.ibm.ws.webcontainer.webapp.WebApp.handleRequest(WebApp.java:5049)
	at com.ibm.ws.webcontainer.osgi.DynamicVirtualHost$2.handleRequest(DynamicVirtualHost.java:314)
	at com.ibm.ws.webcontainer.WebContainer.handleRequest(WebContainer.java:1007)
	at com.ibm.ws.webcontainer.osgi.DynamicVirtualHost$2.run(DynamicVirtualHost.java:279)
	at com.ibm.ws.http.dispatcher.internal.channel.HttpDispatcherLink$TaskWrapper.run(HttpDispatcherLink.java:1159)
	at com.ibm.ws.http.dispatcher.internal.channel.HttpDispatcherLink.wrapHandlerAndExecute(HttpDispatcherLink.java:428)
	at com.ibm.ws.http.dispatcher.internal.channel.HttpDispatcherLink.ready(HttpDispatcherLink.java:387)
	at com.ibm.ws.http.channel.internal.inbound.HttpInboundLink.handleDiscrimination(HttpInboundLink.java:566)
	at com.ibm.ws.http.channel.internal.inbound.HttpInboundLink.handleNewRequest(HttpInboundLink.java:500)
	at com.ibm.ws.http.channel.internal.inbound.HttpInboundLink.processRequest(HttpInboundLink.java:360)
	at com.ibm.ws.http.channel.internal.inbound.HttpInboundLink.ready(HttpInboundLink.java:327)
	at com.ibm.ws.tcpchannel.internal.NewConnectionInitialReadCallback.sendToDiscriminators(NewConnectionInitialReadCallback.java:167)
	at com.ibm.ws.tcpchannel.internal.NewConnectionInitialReadCallback.complete(NewConnectionInitialReadCallback.java:75)
	at com.ibm.ws.tcpchannel.internal.WorkQueueManager.requestComplete(WorkQueueManager.java:504)
	at com.ibm.ws.tcpchannel.internal.WorkQueueManager.attemptIO(WorkQueueManager.java:574)
	at com.ibm.ws.tcpchannel.internal.WorkQueueManager.workerRun(WorkQueueManager.java:958)
	at com.ibm.ws.tcpchannel.internal.WorkQueueManager$Worker.run(WorkQueueManager.java:1047)
	at com.ibm.ws.threading.internal.ExecutorServiceImpl$RunnableWrapper.run(ExecutorServiceImpl.java:238)
	at java.base/java.util.concurrent.ThreadPoolExecutor.runWorker(ThreadPoolExecutor.java:1128)
	at java.base/java.util.concurrent.ThreadPoolExecutor$Worker.run(ThreadPoolExecutor.java:628)
	at java.base/java.lang.Thread.run(Thread.java:835)
Caused by: java.lang.reflect.InvocationTargetException
	at jdk.internal.reflect.GeneratedConstructorAccessor748.newInstance(Unknown Source)
	at java.base/java.lang.reflect.Constructor.newInstanceWithCaller(Constructor.java:500)
	at java.base/java.lang.reflect.Constructor.newInstance(Constructor.java:481)
	at com.ibm.ws.jaxws.client.injection.ServiceRefObjectFactory$4.run(ServiceRefObjectFactory.java:471)
	at java.base/java.security.AccessController.doPrivileged(AccessController.java:552)
	... 40 more
Caused by: javax.xml.ws.WebServiceException: Could not find service named {http://ws.ifrs.edu/}Big in wsdl http://localhost:9080/Big?wsdl
	at org.apache.cxf.jaxws.ServiceImpl.initializePorts(ServiceImpl.java:160)
	at org.apache.cxf.jaxws.ServiceImpl.<init>(ServiceImpl.java:148)
	at com.ibm.ws.jaxws.client.LibertyServiceImpl.<init>(LibertyServiceImpl.java:88)
	at com.ibm.ws.jaxws.client.LibertyProviderImpl$1.run(LibertyProviderImpl.java:91)
	at com.ibm.ws.jaxws.client.LibertyProviderImpl$1.run(LibertyProviderImpl.java:88)
	at java.base/java.security.AccessController.doPrivileged(AccessController.java:310)
	at com.ibm.ws.jaxws.client.LibertyProviderImpl.createServiceDelegate(LibertyProviderImpl.java:88)
	at javax.xml.ws.Service.<init>(Service.java:57)
	at com.pw2webservice.pw2xmlwebservice.Big_Service.<init>(Big_Service.java:58)
	... 45 more

Dump of callerThis
Object type = com.ibm.ws.jaxws.client.injection.ServiceRefObjectFactory

==> Performing default dump from com.ibm.ws.injectionengine.ffdc.InjectionDiagnosticModule  = Sun Jul 18 17:10:31 BRT 2021
 = *** Start InjectionDiagnosticModule Dump ***
 = > InjectionDiagnosticModule: dump Object array : 2
 = 
 =    Non-Formattable :
 =       > com.ibm.ws.jaxws.client.injection.ServiceRefObjectFactory$TransientWebServiceRefInfo@364273f
 =            com.ibm.ws.jaxws.client.injection.ServiceRefObjectFactory$TransientWebServiceRefInfo@364273f
 =       > com.ibm.ws.jaxws.metadata.WebServiceRefInfo@584e053f
 =            *** Begin WebServiceRefInfo: com.ibm.ws.jaxws.metadata.WebServiceRefInfo@584e053f ***
JNDI name                       : com.pw2webservice.pw2xmlwebservice.UI/service
Mapped name                     : 
Lookup name                     : 
WSDL location                   : http://localhost:9080/Big?wsdl
WSDL service                    : {http://ws.ifrs.edu/}Big
Service-Interface classname     : com.pw2webservice.pw2xmlwebservice.Big_Service
Service-Ref-Type classname      : com.pw2webservice.pw2xmlwebservice.Big_Service
Port QName                      : <null>
handlerChain file location: <null>
handlers is From XML: false
HandlerChain declaring classname: null
HandlerChains: []
PartialInfo: ServiceRefPartialInfo {key= com.pw2webservice.pw2xmlwebservice.Big_Service, wsdlLocation= http://localhost:9080/Big?wsdl, serviceQName= {http://ws.ifrs.edu/}Big, portQName= null
*** End WebServiceRefInfo ***

 = < InjectionDiagnosticModule: dump Object array complete
 = 
 = *** Start InjectionEngine Dump    ---> com.ibm.ws.injectionengine.osgi.internal.OSGiInjectionEngineImpl@66a83d15
 = 
 =    Default Factories : 
 =       Indirect    = com.ibm.ws.injectionengine.osgi.internal.IndirectJndiLookupReferenceFactoryImpl@5db6fc53
 =       ResIndirect = com.ibm.ws.injectionengine.osgi.internal.IndirectJndiLookupReferenceFactoryImpl@7fc96505
 =       ResRef      = com.ibm.ws.injectionengine.osgi.internal.ResRefReferenceFactoryImpl@5706e03e
 =       ResAuto     = com.ibm.ws.injectionengine.osgi.internal.ResAutoLinkReferenceFactoryImpl@70613f5e
 =       EJBLink     = com.ibm.ws.injectionengine.osgi.internal.EJBLinkReferenceFactoryImpl@1a5f0165
 =       MBLink      = com.ibm.ws.injectionengine.factory.MBLinkReferenceFactoryImpl@2e0aae66
 = 
 =    Actual Factories : 
 =       com.ibm.ws.injectionengine.factory.MBLinkReferenceFactoryImpl@2e0aae66
 = 
 =    Registered Processors : 
 =       javax.annotation.sql.DataSourceDefinition : com.ibm.ws.injectionengine.processor.DataSourceDefinitionProcessorProvider@4e6dac89
 =       javax.xml.ws.WebServiceRef : com.ibm.ws.jaxws.client.injection.WebServiceRefProcessorProvider@378fe1d5
 =       javax.annotation.Resource : com.ibm.ws.injectionengine.processor.ResourceProcessorProvider@55398a68
 = 
 =    Registered Object Factories : 
 = 
 =    Registered No-Override Object Factories : 
 =       javax.annotation.Resource
 =          javax.xml.ws.WebServiceContext : com.ibm.ws.jaxws.injection.WebServiceContextObjectFactoryInfo@2ebb6737
 = 
 =    Registered Override Reference Factories : 
 = 
 =    Registered MetaDataListeners : 
 =       com.ibm.ws.jaxws.support.JaxWsInjectionMetaDataListener@d119f8d
 = 
 =    isEmbeddable    : false
 = 
 = *** InjectionEngine Dump Complete ***
 = 
 = *** InjectionDiagnosticModule Dump Complete ***
+ Data for directive [Default] obtained. = 
==> Dump complete for com.ibm.ws.injectionengine.ffdc.InjectionDiagnosticModule  = Sun Jul 18 17:10:31 BRT 2021
