------Start of DE processing------ = [18/07/2021 17:03:09:344 BRT]
Exception = com.ibm.wsspi.injectionengine.InjectionException
Source = com.ibm.ws.webcontainer.servlet.ServletWrapper.loadServlet
probeid = 228
Stack Dump = com.ibm.wsspi.injectionengine.InjectionException: com.ibm.wsspi.injectionengine.InjectionException: CWNEN0030E: A fábrica java:comp/env/com.pw2webservice.pw2xmlwebservice.UI/service encontrou um problema ao obter o objeto de ligação java.lang.reflect.InvocationTargetException da instância de objeto.  A mensagem de exceção foi: {2}
	at com.ibm.ws.webcontainer.osgi.webapp.WebApp.inject(WebApp.java:1281)
	at com.ibm.ws.webcontainer.osgi.webapp.WebApp.injectAndPostConstruct(WebApp.java:1417)
	at com.ibm.ws.webcontainer.osgi.webapp.WebApp.injectAndPostConstruct(WebApp.java:1405)
	at com.ibm.ws.webcontainer.osgi.servlet.ServletWrapper.createTarget(ServletWrapper.java:63)
	at com.ibm.ws.webcontainer.servlet.ServletWrapper$1.run(ServletWrapper.java:1543)
	at java.base/java.security.AccessController.doPrivileged(AccessController.java:552)
	at com.ibm.ws.webcontainer.servlet.ServletWrapper.loadServlet(ServletWrapper.java:1511)
	at com.ibm.ws.webcontainer.servlet.ServletWrapper.handleRequest(ServletWrapper.java:590)
	at com.ibm.ws.webcontainer.servlet.ServletWrapper.handleRequest(ServletWrapper.java:443)
	at com.ibm.ws.webcontainer.filter.WebAppFilterManager.invokeFilters(WebAppFilterManager.java:1227)
	at com.ibm.ws.webcontainer.webapp.WebApp.handleRequest(WebApp.java:5049)
	at com.ibm.ws.webcontainer.osgi.DynamicVirtualHost$2.handleRequest(DynamicVirtualHost.java:314)
	at com.ibm.ws.webcontainer.WebContainer.handleRequest(WebContainer.java:1007)
	at com.ibm.ws.webcontainer.osgi.DynamicVirtualHost$2.run(DynamicVirtualHost.java:279)
	at com.ibm.ws.http.dispatcher.internal.channel.HttpDispatcherLink$TaskWrapper.run(HttpDispatcherLink.java:1159)
	at com.ibm.ws.http.dispatcher.internal.channel.HttpDispatcherLink.wrapHandlerAndExecute(HttpDispatcherLink.java:428)
	at com.ibm.ws.http.dispatcher.internal.channel.HttpDispatcherLink.ready(HttpDispatcherLink.java:387)
	at com.ibm.ws.http.channel.internal.inbound.HttpInboundLink.handleDiscrimination(HttpInboundLink.java:566)
	at com.ibm.ws.http.channel.internal.inbound.HttpInboundLink.handleNewRequest(HttpInboundLink.java:500)
	at com.ibm.ws.http.channel.internal.inbound.HttpInboundLink.processRequest(HttpInboundLink.java:360)
	at com.ibm.ws.http.channel.internal.inbound.HttpInboundLink.ready(HttpInboundLink.java:327)
	at com.ibm.ws.tcpchannel.internal.NewConnectionInitialReadCallback.sendToDiscriminators(NewConnectionInitialReadCallback.java:167)
	at com.ibm.ws.tcpchannel.internal.NewConnectionInitialReadCallback.complete(NewConnectionInitialReadCallback.java:75)
	at com.ibm.ws.tcpchannel.internal.WorkQueueManager.requestComplete(WorkQueueManager.java:504)
	at com.ibm.ws.tcpchannel.internal.WorkQueueManager.attemptIO(WorkQueueManager.java:574)
	at com.ibm.ws.tcpchannel.internal.WorkQueueManager.workerRun(WorkQueueManager.java:958)
	at com.ibm.ws.tcpchannel.internal.WorkQueueManager$Worker.run(WorkQueueManager.java:1047)
	at com.ibm.ws.threading.internal.ExecutorServiceImpl$RunnableWrapper.run(ExecutorServiceImpl.java:238)
	at java.base/java.util.concurrent.ThreadPoolExecutor.runWorker(ThreadPoolExecutor.java:1128)
	at java.base/java.util.concurrent.ThreadPoolExecutor$Worker.run(ThreadPoolExecutor.java:628)
	at java.base/java.lang.Thread.run(Thread.java:835)
Caused by: com.ibm.wsspi.injectionengine.InjectionException: CWNEN0030E: A fábrica java:comp/env/com.pw2webservice.pw2xmlwebservice.UI/service encontrou um problema ao obter o objeto de ligação java.lang.reflect.InvocationTargetException da instância de objeto.  A mensagem de exceção foi: {2}
	at com.ibm.wsspi.injectionengine.InjectionBinding.getInjectionObject(InjectionBinding.java:1454)
	at com.ibm.wsspi.injectionengine.InjectionBinding.getInjectableObject(InjectionBinding.java:1368)
	at com.ibm.wsspi.injectionengine.InjectionTarget.inject(InjectionTarget.java:104)
	at com.ibm.ws.managedobject.internal.ManagedObjectImpl.inject(ManagedObjectImpl.java:96)
	at com.ibm.ws.managedobject.internal.ManagedObjectImpl.inject(ManagedObjectImpl.java:87)
	at com.ibm.ws.webcontainer.osgi.webapp.WebApp.inject(WebApp.java:1276)
	... 30 more
Caused by: java.lang.reflect.InvocationTargetException
	at jdk.internal.reflect.GeneratedConstructorAccessor749.newInstance(Unknown Source)
	at java.base/java.lang.reflect.Constructor.newInstanceWithCaller(Constructor.java:500)
	at java.base/java.lang.reflect.Constructor.newInstance(Constructor.java:481)
	at com.ibm.ws.jaxws.client.injection.ServiceRefObjectFactory$4.run(ServiceRefObjectFactory.java:471)
	at java.base/java.security.AccessController.doPrivileged(AccessController.java:552)
	at com.ibm.ws.jaxws.client.injection.ServiceRefObjectFactory.getServiceInstance(ServiceRefObjectFactory.java:467)
	at com.ibm.ws.jaxws.client.injection.ServiceRefObjectFactory.getInstance(ServiceRefObjectFactory.java:307)
	at com.ibm.ws.jaxws.client.injection.ServiceRefObjectFactory.getObjectInstance(ServiceRefObjectFactory.java:279)
	at com.ibm.wsspi.injectionengine.InjectionBinding.getInjectionObjectInstance(InjectionBinding.java:1552)
	at com.ibm.wsspi.injectionengine.InjectionBinding.getInjectionObject(InjectionBinding.java:1428)
	... 35 more
Caused by: javax.xml.ws.WebServiceException: Could not find service named {http://ws.ifrs.edu/}Big in wsdl http://localhost:9080/XmlService?wsdl
	at org.apache.cxf.jaxws.ServiceImpl.initializePorts(ServiceImpl.java:160)
	at org.apache.cxf.jaxws.ServiceImpl.<init>(ServiceImpl.java:148)
	at com.ibm.ws.jaxws.client.LibertyServiceImpl.<init>(LibertyServiceImpl.java:88)
	at com.ibm.ws.jaxws.client.LibertyProviderImpl$1.run(LibertyProviderImpl.java:91)
	at com.ibm.ws.jaxws.client.LibertyProviderImpl$1.run(LibertyProviderImpl.java:88)
	at java.base/java.security.AccessController.doPrivileged(AccessController.java:310)
	at com.ibm.ws.jaxws.client.LibertyProviderImpl.createServiceDelegate(LibertyProviderImpl.java:88)
	at javax.xml.ws.Service.<init>(Service.java:57)
	at com.pw2webservice.pw2xmlwebservice.Big_Service.<init>(Big_Service.java:58)
	... 45 more

Dump of callerThis
Object type = com.ibm.ws.webcontainer.servlet.ServletWrapper$1
  val$className = "com.pw2webservice.pw2xmlwebservice.UI"
  val$servletClass = null
  val$loader = class com.ibm.ws.classloading.internal.ThreadContextClassLoader@72f31607
    tc = class com.ibm.websphere.ras.TraceComponent@21322599
      strings[0] = "TraceComponent[com.ibm.ws.classloading.internal.ThreadContextClassLoader,class com.ibm.ws.classloading.internal.ThreadContextClassLoader,[ClassLoadingService],com.ibm.ws.classloading.internal.resources.ClassLoadingServiceMessages,null]"
    bundle = class java.util.concurrent.atomic.AtomicReference@13061e23
      serialVersionUID = "/* Could not access serialVersionUID */"
      VALUE = "/* Could not access VALUE */"
      value = "/* Could not access value */"
    key = "WebModule:ws#ws.war"
    refCount = class java.util.concurrent.atomic.AtomicInteger@639ad90d
      serialVersionUID = "/* Could not access serialVersionUID */"
      U = "/* Could not access U */"
      VALUE = "/* Could not access VALUE */"
      value = "/* Could not access value */"
      serialVersionUID = "/* Could not access serialVersionUID */"
    appLoader = class com.ibm.ws.classloading.internal.AppClassLoader@6d4a4b47
      tc = class com.ibm.websphere.ras.TraceComponent@5d49f8f4
      disableSharedClassesCache = false
      PARENT_FIRST_SEARCH_ORDER = class java.util.Collections$UnmodifiableRandomAccessList@5dc088a5
      packagesDefined = class java.util.Collections$SetFromMap@39a1298f
      CLASS_LOADING_TRACE_PREFIX = "com.ibm.ws.class.load."
      DEFAULT_PACKAGE = "default.package"
      perPackageClassLoadingTraceComponents = class java.util.concurrent.ConcurrentHashMap@138c1cdd
      config = class com.ibm.ws.classloading.internal.ClassLoaderConfigurationImpl@126b400c
      privateLibraries = null
      delegateLoaders = class com.ibm.ws.classloading.internal.util.CompositeIterable@4b376744
      nativeLibraryFiles = class java.util.ArrayList@7beac2fc
      transformers = class java.util.ArrayList@8f343a8
      apiAccess = class com.ibm.ws.classloading.internal.GatewayClassLoader@7b16f78b
      generator = class com.ibm.ws.classloading.internal.ClassGeneratorManager@40d0199a
      protectionDomains = class java.util.concurrent.ConcurrentHashMap@30ad4b83
      parent = class com.ibm.ws.classloading.internal.GatewayClassLoader@7b16f78b
      hook = null
      serialVersionUID = 8734164900246230615
      tc = class com.ibm.websphere.ras.TraceComponent@5874e00e
      smartClassPath = class com.ibm.ws.classloading.internal.ContainerClassLoader$SmartClassPathImpl@1dfd8248
      nativeLibraryContainers = class java.util.ArrayList@f016c5c
      redefiner = class com.ibm.ws.classloading.internal.util.ClassRedefiner@4f5db8ef
      jarProtocol = "wsjar:"
      mapCreationQueue = class java.util.concurrent.Executors$FinalizableDelegatedExecutorService@157613d4
      serialVersionUID = 6399598832433768509
      serialVersionUID = 1837293532091806117
      $$$tc$$$ = class com.ibm.websphere.ras.TraceComponent@67f2a322
      serialVersionUID = -4586727107834513475
      $$$tc$$$ = class com.ibm.websphere.ras.TraceComponent@72c1382f
      serialVersionUID = -7709588811276454856
      $$$tc$$$ = class com.ibm.websphere.ras.TraceComponent@66b95e81
      pdcache = "/* Could not access pdcache */"
    clSvc = class com.ibm.ws.classloading.internal.ClassLoadingServiceImpl@6909a990
      tc = class com.ibm.websphere.ras.TraceComponent@26b7363b
      leakDetectionMap = class java.util.HashMap@3e8e4260
      appClassLoaders = class java.util.Collections$SetFromMap@5e357421
      TCCL_LOCK_WAIT = 15000
      REFERENCE_GENERATORS = "generators"
      bundleContext = class org.eclipse.osgi.internal.framework.BundleContextImpl@1391abec
      aclStore = class com.ibm.ws.classloading.internal.util.CanonicalStore@4fa44b0b
      tcclStore = class com.ibm.ws.classloading.internal.util.CanonicalStore@3e33c64
      tcclStoreLock = class java.util.concurrent.locks.ReentrantLock@4fb2f33a
      digraph = class org.eclipse.equinox.internal.region.StandardRegionDigraph@3ad31291
      redefiner = class com.ibm.ws.classloading.internal.util.ClassRedefiner@4f5db8ef
      listener = class com.ibm.ws.classloading.internal.ClassLoadingServiceImpl$1@57c2ead3
      classloaders = class java.util.Collections$SynchronizedMap@4d58fc53
      resourceProviders = class com.ibm.ws.classloading.internal.CompositeResourceProvider@15abede1
      rememberedBundles = class java.util.concurrent.ConcurrentHashMap@37ce325f
      collectedBundles = class java.lang.ref.ReferenceQueue@771ad207
      generatorRefs = class com.ibm.wsspi.kernel.service.utils.ConcurrentServiceReferenceSet@7daa02d3
      generatorManager = class com.ibm.ws.classloading.internal.ClassGeneratorManager@40d0199a
      appExtLibs = class java.util.concurrent.CopyOnWriteArrayList@37242c62
      globalConfig = class com.ibm.ws.classloading.configuration.GlobalClassloadingConfiguration@713ebc13
      metaInfServicesProviders = class java.util.concurrent.ConcurrentHashMap@5015d2d9
      metaInfServicesRefs = class com.ibm.wsspi.kernel.service.utils.ConcurrentServiceReferenceMap@7d84ee92
      protectionDomainMap = class java.util.HashMap@6bd58a7c
      metadataIdentifierService = class com.ibm.ws.container.service.metadata.internal.MetaDataServiceImpl@2ae95efa
      globalSharedLibrary = class java.util.concurrent.atomic.AtomicReference@6f8f6d31
      serialVersionUID = 4365026902615131286
    serialVersionUID = 846416563800781557
    tc = class com.ibm.websphere.ras.TraceComponent@609c3271
      strings[0] = "TraceComponent[com.ibm.ws.classloading.internal.UnifiedClassLoader,class com.ibm.ws.classloading.internal.UnifiedClassLoader,[ClassLoadingService],com.ibm.ws.classloading.internal.resources.ClassLoadingServiceMessages,null]"
    followOnClassLoaders = class java.util.ArrayList@163e2199
      serialVersionUID = "/* Could not access serialVersionUID */"
      DEFAULT_CAPACITY = "/* Could not access DEFAULT_CAPACITY */"
      EMPTY_ELEMENTDATA = "/* Could not access EMPTY_ELEMENTDATA */"
      DEFAULTCAPACITY_EMPTY_ELEMENTDATA = "/* Could not access DEFAULTCAPACITY_EMPTY_ELEMENTDATA */"
      elementData = "/* Could not access elementData */"
      size = "/* Could not access size */"
      MAX_ARRAY_SIZE = "/* Could not access MAX_ARRAY_SIZE */"
      modCount = "/* Could not access modCount */"
      MAX_ARRAY_SIZE = "/* Could not access MAX_ARRAY_SIZE */"
    serialVersionUID = 8829649920524275888
    serialVersionUID = -4586727107834513475
    $$$tc$$$ = class com.ibm.websphere.ras.TraceComponent@72c1382f
      strings[0] = "TraceComponent[com.ibm.ws.classloading.internal.LibertyLoader,class com.ibm.ws.classloading.internal.LibertyLoader,[ClassLoadingService],com.ibm.ws.classloading.internal.resources.ClassLoadingServiceMessages,null]"
    serialVersionUID = -7709588811276454856
    $$$tc$$$ = class com.ibm.websphere.ras.TraceComponent@66b95e81
      strings[0] = "TraceComponent[com.ibm.ws.classloading.LibertyClassLoader,class com.ibm.ws.classloading.LibertyClassLoader,[ClassLoadingService],com.ibm.ws.classloading.internal.resources.ClassLoadingServiceMessages,null]"
    pdcache = "/* Could not access pdcache */"
  val$servletName = "com.pw2webservice.pw2xmlwebservice.UI"
  this$0 = class com.ibm.ws.webcontainer.osgi.servlet.ServletWrapper@64e36565
    serialVersionUID = 1
    _mo = null
    serialVersionUID = -4479626085298397598
    notifyInvocationListeners = false
    UNINITIALIZED_STATE = -1
    AVAILABLE_STATE = 0
    UNAVAILABLE_STATE = 1
    UNAVAILABLE_PERMANENTLY_STATE = 2
    collabHelper = class com.ibm.ws.webcontainer.osgi.collaborator.CollaboratorHelperImpl@49fc2aa0
      webAppInvCollabs = class java.util.Collections$UnmodifiableSet@1172f903
      securityDomainForApp = null
      logger = class com.ibm.ws.logging.internal.WsLogger@263857ad
      staticDefaultSecurityCollaborator = class com.ibm.ws.webcontainer.collaborator.WebAppSecurityCollaborator@4b5875c1
      logger = class com.ibm.ws.logging.internal.WsLogger@c9980bc
      CLASS_NAME = "com.ibm.wsspi.webcontainer.collaborator.CollaboratorHelper"
      webApp = class com.ibm.ws.webcontainer40.osgi.webapp.WebApp40@17b64380
      securityCollaborator = class com.ibm.ws.webcontainer.collaborator.WebAppSecurityCollaborator@4b5875c1
      nameSpaceCollaborator = class com.ibm.ws.webcontainer.osgi.collaborator.WebAppNameSpaceCollaboratorImpl@2e86d57b
      transactionCollaborator = class com.ibm.ws.webcontainer.collaborator.WebAppTransactionCollaborator@5dd685a
      connectionCollaborator = class com.ibm.ws.webcontainer.collaborator.ConnectionHandleCollaborator@5054e5c4
      allCollabEnum = class java.util.RegularEnumSet@186b92fb
      servlet_23_or_greater = true
      DEFER_SERVLET_REQUEST_LISTENER_DESTROY_ON_ERROR = false
    nServicing = class java.util.concurrent.atomic.AtomicInteger@f08ca16
      serialVersionUID = "/* Could not access serialVersionUID */"
      U = "/* Could not access U */"
      VALUE = "/* Could not access VALUE */"
      value = "/* Could not access value */"
      serialVersionUID = "/* Could not access serialVersionUID */"
    lastAccessTime = 1626638574057
    state = -1
    logger = class com.ibm.ws.logging.internal.WsLogger@13ffd6dc
      ivCachedResourceBundleName = "com.ibm.ws.webcontainer.resources.Messages"
      ivCachedResourceBundle = class com.ibm.ws.webcontainer.resources.Messages_pt_BR@341e621f
      ivComponent = null
      ivOrganization = null
      ivProduct = null
      ivMinimumLocalizationLevelIntValue = 625
      ivTC = class com.ibm.websphere.ras.TraceComponent@7dd9e754
      loggerRegistrationComponent = class java.lang.ThreadLocal@5364cb45
      emptyHandlers = "/* Could not access emptyHandlers */"
      offValue = "/* Could not access offValue */"
      SYSTEM_LOGGER_RB_NAME = "/* Could not access SYSTEM_LOGGER_RB_NAME */"
      SYSTEM_BUNDLE = "/* Could not access SYSTEM_BUNDLE */"
      NO_RESOURCE_BUNDLE = "/* Could not access NO_RESOURCE_BUNDLE */"
      config = "/* Could not access config */"
      manager = "/* Could not access manager */"
      name = "/* Could not access name */"
      loggerBundle = "/* Could not access loggerBundle */"
      anonymous = "/* Could not access anonymous */"
      catalog = "/* Could not access catalog */"
      catalogName = "/* Could not access catalogName */"
      catalogLocale = "/* Could not access catalogLocale */"
      treeLock = "/* Could not access treeLock */"
      parent = "/* Could not access parent */"
      kids = "/* Could not access kids */"
      callerModuleRef = "/* Could not access callerModuleRef */"
      isSystemLogger = "/* Could not access isSystemLogger */"
      GLOBAL_LOGGER_NAME = "global"
      global = class java.util.logging.Logger@6171cf06
    CLASS_NAME = "com.ibm.ws.webcontainer.servlet.ServletWrapper"
    nls = class com.ibm.ejs.ras.TraceNLS@5a6ee6cf
      resolver = class com.ibm.ws.logging.internal.TraceNLSResolver@4aef1906
      finder = null
      ivBundleName = "com.ibm.ws.webcontainer.resources.Messages"
      caller = class java.lang.Class@36264ee9
    servletConfig = class com.ibm.ws.webcontainer.servlet.ServletConfig@27f19029
      logger = class com.ibm.ws.logging.internal.WsLogger@13ffd6dc
      CLASS_NAME = "com.ibm.ws.webcontainer.servlet.ServletConfig"
      nls = class com.ibm.ejs.ras.TraceNLS@1cc946ac
      liberty_nls = class com.ibm.ejs.ras.TraceNLS@10c2aea
      enabled = true
      servletName = "com.pw2webservice.pw2xmlwebservice.UI"
      className = "com.pw2webservice.pw2xmlwebservice.UI"
      mappings = class java.util.ArrayList@26a6f4d8
      startUpWeight = -1
      DEFAULT_STARTUP = -1
      isCachingEnabled = true
      isStatisticsEnabled = true
      isInternal = false
      metaData = class com.ibm.ws.webcontainer.osgi.metadata.WebComponentMetaDataImpl@68a495fe
      singleThreadModelServlet = false
      isJsp = false
      webAppConfig = class com.ibm.ws.webcontainer.osgi.webapp.WebAppConfiguration@2bb7a22a
      servletWrapper = class com.ibm.ws.webcontainer.osgi.servlet.ServletWrapper@64e36565
      servletClass = null
      servlet = null
      addedToLoadOnStartup = true
      previousWeight = null
      multipartConfig = null
      multipartConfigBaseLocation = null
      runAsRole = null
      servletSecurityElement = null
      declareRolesAnnotation = null
      logger = class com.ibm.ws.logging.internal.WsLogger@13ffd6dc
      CLASS_NAME = "com.ibm.ws.webcontainer.servlet.TargetConfig"
      initParams = null
      fileName = null
      displayName = null
      name = "com.pw2webservice.pw2xmlwebservice.UI"
      description = null
      smallIcon = null
      largeIcon = null
      context = class com.ibm.ws.webcontainer40.facade.ServletContextFacade40@59146cb3
      className = null
      asyncSupported = false
      _id = "ServletGeneratedId1"
      _attributes = null
      serialVersionUID = 7511545662945734886
      $$$tc$$$ = class com.ibm.websphere.ras.TraceComponent@372f06f6
    context = class com.ibm.ws.webcontainer40.osgi.webapp.WebApp40@17b64380
      tc = class com.ibm.websphere.ras.TraceComponent@72f4ae6a
      servlet40NLS = class com.ibm.ejs.ras.TraceNLS@529ebfe3
      CLASS_NAME = "com.ibm.ws.webcontainer40.osgi.webapp.WebApp40"
      defaultSessionTimeout = 30
      tc = class com.ibm.websphere.ras.TraceComponent@745bd88e
      CLASS_NAME = "com.ibm.ws.webcontainer31.osgi.webapp.WebApp31"
      servlet31NLS = class com.ibm.ejs.ras.TraceNLS@2d0868e4
      validListenerClasses = class java.lang.Class[7]
      wsocServHandler = null
      tc = class com.ibm.websphere.ras.TraceComponent@5db4755
      CLASS_NAME = "com.ibm.ws.webcontainer.osgi.webapp.WebApp"
      metaDataService = class com.ibm.ws.container.service.metadata.internal.MetaDataServiceImpl@2ae95efa
      namespacePopulated = false
      referenceContext = class com.ibm.ws.injectionengine.osgi.internal.OSGiReferenceContextImpl@35f86a07
      j2eeNameFactory = class com.ibm.ws.container.service.metadata.internal.J2EENameFactoryImpl@54de0d13
      moduleLoader = class com.ibm.ws.classloading.internal.AppClassLoader@6d4a4b47
      webAppConfig = class com.ibm.ws.webcontainer.osgi.webapp.WebAppConfiguration@2bb7a22a
      extensionProcessingDisabled = false
      managedObjectService = class com.ibm.ws.managedobject.internal.ManagedObjectServiceImpl@4bc92728
      internalServletMetaData = interface com.ibm.wsspi.webcontainer.metadata.WebComponentMetaData[2]
      loginProcessor = null
      logoutProcessor = null
      collabHelper = class com.ibm.ws.webcontainer.osgi.collaborator.CollaboratorHelperImpl@49fc2aa0
      envObject = class com.ibm.ws.util.WSThreadLocal@c79577d
      orderedLibPaths = class java.util.Collections$UnmodifiableRandomAccessList@7db2bcd2
      perm = class com.ibm.websphere.security.WebSphereRuntimePermission@1a1c6a3c
      WELCOME_FILE_LIST = "com.ibm.ws.webcontainer.config.WelcomeFileList"
      DIR_BROWSING_MAPPING = "__dirBrowsing__1626638565520"
      FILTER_PROXY_MAPPING = "/__filterProxy__1626638565520"
      logger = class com.ibm.ws.logging.internal.WsLogger@1f901283
      CLASS_NAME = "com.ibm.ws.webcontainer.webapp.WebApp"
      loader = class com.ibm.ws.classloading.internal.ThreadContextClassLoader@72f31607
      facade = class com.ibm.ws.webcontainer40.facade.ServletContextFacade40@59146cb3
      features = class java.util.ArrayList@31281f6f
      applicationName = "ws"
      config = class com.ibm.ws.webcontainer.osgi.webapp.WebAppConfiguration@2bb7a22a
      securityEnabledForApp = false
      webExtensionProcessor = class com.ibm.ws.webcontainer.osgi.extension.WebExtensionProcessor@481cdefc
      production = true
      isServlet23 = true
      contextPath = "/"
      internalServletList = class [Ljava.lang.String;[2]
      BY_NAME_ONLY = "/_1626638573571_/"
      filterManager = class com.ibm.ws.webcontainer.osgi.filter.WebAppFilterManagerImpl@2d0c46c1
      documentRoot = null
      SERVLET_API_VERSION = "Servlet 2.5"
      disableServletAuditLogging = -1
      serverInfo = "IBM WebSphere Liberty/21.0.0.7"
      sessionCtx = class com.ibm.ws.webcontainer31.session.impl.HttpSessionContext31Impl@5caef768
      eventSource = class com.ibm.ws.webcontainer.webapp.WebAppEventSource@6ed76164
      nls = class com.ibm.ejs.ras.TraceNLS@72eb293f
      liberty_nls = class com.ibm.ejs.ras.TraceNLS@1b4e127d
      error_nls = class com.ibm.ejs.ras.TraceNLS@543b659b
      sessionListeners = class java.util.ArrayList@7f05cdc3
      sessionIdListeners = class java.util.ArrayList@540cb1cd
      sessionAttrListeners = class java.util.ArrayList@3fba8ccb
      addedSessionListeners = class java.util.ArrayList@3022311a
      addedSessionAttrListeners = class java.util.ArrayList@61188908
      servletContextListeners = class java.util.ArrayList@502bde3f
      servletContextLAttrListeners = class java.util.ArrayList@3b9ccc25
      servletRequestListeners = class java.util.ArrayList@1a1790ad
      servletRequestLAttrListeners = class java.util.ArrayList@3fe21a2e
      prependSlashToResource = false
      destroyed = false
      webAppNameSpaceCollab = class com.ibm.ws.webcontainer.osgi.collaborator.WebAppNameSpaceCollaboratorImpl@2e86d57b
      txCollab = class com.ibm.ws.webcontainer.collaborator.WebAppTransactionCollaborator@5dd685a
      sessionActivationListeners = class java.util.ArrayList@31b6e1cb
      sessionBindingListeners = class java.util.ArrayList@6c16ee3c
      scratchdir = null
      jspClassLoaderLimit = 0
      jspClassLoaderExclusionList = null
      jspClassLoadersMap = null
      jspClassLoaderLimitTrackIF = false
      defaultExtProc = null
      directoryBrowsingServlet = null
      cdiContexts = class java.util.concurrent.ConcurrentHashMap@4aa299eb
      moduleConfig = class com.ibm.ws.webcontainer.osgi.container.DeployedModule@65bed9fb
      extensionFactories = class java.util.ArrayList@6300c43e
      initialized = true
      lock = class com.ibm.ws.webcontainer.webapp.WebApp$1@383cb16c
      afterServletContextCreated = false
      redirectContextRoot = false
      errorExceptionTypeFirst = false
      initFilterBeforeServletInit = false
      SET_400_SC_ON_TOO_MANY_PARENT_DIRS = false
      sortedServletConfigs = class java.util.ArrayList@668f0a41
      effectiveMajorVersion = 3
      effectiveMinorVersion = 0
      canAddServletContextListener = true
      withinContextInitOfProgAddListener = false
      lastProgAddListenerInitialized = null
      webInfLibClassloader = null
      metaInfCache = class com.ibm.ws.webcontainer.webapp.WebApp$2@75ed766a
      useMetaInfCache = true
      SUN_CONFIGURE_LISTENER_CLASSNAME = "com.sun.faces.config.ConfigureListener"
      MYFACES_LIFECYCLE_LISTENER_CLASSNAME = "org.apache.myfaces.webapp.StartupServletContextListener"
      JSF_IMPL_ENABLED_PARAM = "com.ibm.ws.jsf.JSF_IMPL_ENABLED"
      JSF_IMPL_ENABLED_CUSTOM = "Custom"
      JSF_IMPL_ENABLED_NONE = "None"
      staticDocRoot = class com.ibm.ws.webcontainer.util.DocumentRootUtils@10296ddd
      jspDocRoot = class com.ibm.ws.webcontainer.util.DocumentRootUtils@4dc31965
      container = class com.ibm.ws.adaptable.module.internal.AdaptableContainerImpl@5e0f97f9
      metaInfResourceFinder = class com.ibm.ws.webcontainer.util.MetaInfResourceFinder@5300df9e
      postConstructMethods = class com.ibm.ws.webcontainer.webapp.WebApp$AnnotatedMethods@4d40bdb2
      preDestroyMethods = class com.ibm.ws.webcontainer.webapp.WebApp$AnnotatedMethods@16dc6642
      OBJ_EMPTY = class java.lang.Object[0]
      CLASS_EMPTY = class java.lang.Class[0]
      DEFAULT_JSP_EXTENSIONS = class java.util.ArrayList@43015dcd
      DEFER_SERVLET_REQUEST_LISTENER_DESTROY_ON_ERROR = false
      DO_ACCEPT_PARTIAL = true
      DO_NOT_ACCEPT_PARTIAL = false
      DO_ACCEPT_EXCLUDED = true
      DO_NOT_ACCEPT_EXCLUDED = false
      commands = class java.util.ArrayList@1628961c
      requestMapper = class com.ibm.wsspi.webcontainer.util.URIMapper@5e4d1446
      parent = class com.ibm.ws.webcontainer.osgi.webapp.WebGroup@2b5697bb
      name = "ws"
      isAlive = true
      subElements = null
      attributes = class java.util.concurrent.ConcurrentHashMap@62704829
      config = null
      serialVersionUID = -8271459000149267764
      $$$tc$$$ = class com.ibm.websphere.ras.TraceComponent@4ce0039d
    target = null
    cacheWrappers = null
    targetLoader = class com.ibm.ws.classloading.internal.ThreadContextClassLoader@72f31607
    evtSource = class com.ibm.ws.webcontainer.webapp.WebAppEventSource@6ed76164
      _invocationListeners = class com.ibm.ws.webcontainer.util.EventListeners@600fcfad
      _servletListeners = class com.ibm.ws.webcontainer.util.EventListeners@42379983
      _errorListeners = class com.ibm.ws.webcontainer.util.EventListeners@67fadaa2
      _applicationListeners = class com.ibm.ws.webcontainer.util.EventListeners@42d06501
      _filterInvocationListeners = class com.ibm.ws.webcontainer.util.EventListeners@5cbca851
      _filterListeners = class com.ibm.ws.webcontainer.util.EventListeners@2239c9c4
      _filterErrorListeners = class com.ibm.ws.webcontainer.util.EventListeners@132738eb
    event = null
    unavailableMessage = null
    unavailableUntil = -1
    isSTM = false
    internalServlet = false
    webAppInvocationCollaborators = null
    platformHelper = class com.ibm.ws.webcontainer.PlatformHelper@3f30354
    webAppNameSpaceCollab = class com.ibm.ws.webcontainer.osgi.collaborator.WebAppNameSpaceCollaboratorImpl@2e86d57b
      cmdai = class com.ibm.ws.threadContext.ComponentMetaDataAccessorImpl@1e57da14
    txCollab = class com.ibm.ws.webcontainer.collaborator.WebAppTransactionCollaborator@5dd685a
      logger = class com.ibm.ws.logging.internal.WsLogger@263857ad
      CLASS_NAME = "com.ibm.ws.webcontainer.collaborator.WebAppTransactionCollaborator"
    connCollab = class com.ibm.ws.webcontainer.collaborator.ConnectionHandleCollaborator@5054e5c4
      tc = class com.ibm.websphere.ras.TraceComponent@6de6276f
      threadContext = class com.ibm.ws.threadContext.ThreadContextImpl@64682cf0
    suppressServletExceptionLogging = false
    throwExceptionEnum = class java.util.RegularEnumSet@4ba6b539
      serialVersionUID = "/* Could not access serialVersionUID */"
      elements = "/* Could not access elements */"
      elementType = "/* Could not access elementType */"
      universe = "/* Could not access universe */"
      MAX_ARRAY_SIZE = "/* Could not access MAX_ARRAY_SIZE */"
    discernUnavailableServlet = false
    reInitServletonInitUnavailableException = true
    destroyServletonServiceUnavailableException = false
    servlet23 = true
    PARAMS_HEAD_TRACE = class java.lang.Class[2]
      Class[0] = class java.lang.Class@21b6fcd
      Class[1] = class java.lang.Class@333b297
    defaultHeadMethodInUse = false
    defaultTraceMethodInUse = false
    checkedForDefaultMethods = null
    defaultTraceRequestBehavior = false
    defaultHeadRequestBehavior = false
    useOriginalRequestState = false
    warningStatusSet = false
    LSTRING_FILE = "javax.servlet.LocalStrings"
    lStrings = class java.util.PropertyResourceBundle@3de2a1bb
      encoding = "/* Could not access encoding */"
      lookup = "/* Could not access lookup */"
      INITIAL_CACHE_SIZE = "/* Could not access INITIAL_CACHE_SIZE */"
      NONEXISTENT_BUNDLE = "/* Could not access NONEXISTENT_BUNDLE */"
      cacheList = "/* Could not access cacheList */"
      referenceQueue = "/* Could not access referenceQueue */"
      parent = "/* Could not access parent */"
      locale = "/* Could not access locale */"
      name = "/* Could not access name */"
      expired = "/* Could not access expired */"
      cacheKey = "/* Could not access cacheKey */"
      keySet = "/* Could not access keySet */"
      UNKNOWN_FORMAT = "/* Could not access UNKNOWN_FORMAT */"
      TRACE_ON = "/* Could not access TRACE_ON */"
      $assertionsDisabled = "/* Could not access $assertionsDisabled */"
    config = null

