------Start of DE processing------ = [18/07/2021 16:56:29:423 BRT]
Exception = com.ibm.wsspi.injectionengine.InjectionException
Source = com.ibm.ws.webcontainer.servlet.ServletWrapper.loadServlet
probeid = 228
Stack Dump = com.ibm.wsspi.injectionengine.InjectionException: com.ibm.wsspi.injectionengine.InjectionException: CWNEN0030E: A fábrica java:comp/env/com.pw2webservice.pw2xmlwebservice.UI/service encontrou um problema ao obter o objeto de ligação java.lang.reflect.InvocationTargetException da instância de objeto.  A mensagem de exceção foi: {2}
	at com.ibm.ws.webcontainer.osgi.webapp.WebApp.inject(WebApp.java:1281)
	at com.ibm.ws.webcontainer.osgi.webapp.WebApp.injectAndPostConstruct(WebApp.java:1417)
	at com.ibm.ws.webcontainer.osgi.webapp.WebApp.injectAndPostConstruct(WebApp.java:1405)
	at com.ibm.ws.webcontainer.osgi.servlet.ServletWrapper.createTarget(ServletWrapper.java:63)
	at com.ibm.ws.webcontainer.servlet.ServletWrapper$1.run(ServletWrapper.java:1543)
	at java.base/java.security.AccessController.doPrivileged(AccessController.java:552)
	at com.ibm.ws.webcontainer.servlet.ServletWrapper.loadServlet(ServletWrapper.java:1511)
	at com.ibm.ws.webcontainer.servlet.ServletWrapper.handleRequest(ServletWrapper.java:590)
	at com.ibm.ws.webcontainer.servlet.ServletWrapper.handleRequest(ServletWrapper.java:443)
	at com.ibm.ws.webcontainer.filter.WebAppFilterManager.invokeFilters(WebAppFilterManager.java:1227)
	at com.ibm.ws.webcontainer.webapp.WebApp.handleRequest(WebApp.java:5049)
	at com.ibm.ws.webcontainer.osgi.DynamicVirtualHost$2.handleRequest(DynamicVirtualHost.java:314)
	at com.ibm.ws.webcontainer.WebContainer.handleRequest(WebContainer.java:1007)
	at com.ibm.ws.webcontainer.osgi.DynamicVirtualHost$2.run(DynamicVirtualHost.java:279)
	at com.ibm.ws.http.dispatcher.internal.channel.HttpDispatcherLink$TaskWrapper.run(HttpDispatcherLink.java:1159)
	at com.ibm.ws.http.dispatcher.internal.channel.HttpDispatcherLink.wrapHandlerAndExecute(HttpDispatcherLink.java:428)
	at com.ibm.ws.http.dispatcher.internal.channel.HttpDispatcherLink.ready(HttpDispatcherLink.java:387)
	at com.ibm.ws.http.channel.internal.inbound.HttpInboundLink.handleDiscrimination(HttpInboundLink.java:566)
	at com.ibm.ws.http.channel.internal.inbound.HttpInboundLink.handleNewRequest(HttpInboundLink.java:500)
	at com.ibm.ws.http.channel.internal.inbound.HttpInboundLink.processRequest(HttpInboundLink.java:360)
	at com.ibm.ws.http.channel.internal.inbound.HttpInboundLink.ready(HttpInboundLink.java:327)
	at com.ibm.ws.tcpchannel.internal.NewConnectionInitialReadCallback.sendToDiscriminators(NewConnectionInitialReadCallback.java:167)
	at com.ibm.ws.tcpchannel.internal.NewConnectionInitialReadCallback.complete(NewConnectionInitialReadCallback.java:75)
	at com.ibm.ws.tcpchannel.internal.WorkQueueManager.requestComplete(WorkQueueManager.java:504)
	at com.ibm.ws.tcpchannel.internal.WorkQueueManager.attemptIO(WorkQueueManager.java:574)
	at com.ibm.ws.tcpchannel.internal.WorkQueueManager.workerRun(WorkQueueManager.java:958)
	at com.ibm.ws.tcpchannel.internal.WorkQueueManager$Worker.run(WorkQueueManager.java:1047)
	at com.ibm.ws.threading.internal.ExecutorServiceImpl$RunnableWrapper.run(ExecutorServiceImpl.java:238)
	at java.base/java.util.concurrent.ThreadPoolExecutor.runWorker(ThreadPoolExecutor.java:1128)
	at java.base/java.util.concurrent.ThreadPoolExecutor$Worker.run(ThreadPoolExecutor.java:628)
	at java.base/java.lang.Thread.run(Thread.java:835)
Caused by: com.ibm.wsspi.injectionengine.InjectionException: CWNEN0030E: A fábrica java:comp/env/com.pw2webservice.pw2xmlwebservice.UI/service encontrou um problema ao obter o objeto de ligação java.lang.reflect.InvocationTargetException da instância de objeto.  A mensagem de exceção foi: {2}
	at com.ibm.wsspi.injectionengine.InjectionBinding.getInjectionObject(InjectionBinding.java:1454)
	at com.ibm.wsspi.injectionengine.InjectionBinding.getInjectableObject(InjectionBinding.java:1368)
	at com.ibm.wsspi.injectionengine.InjectionTarget.inject(InjectionTarget.java:104)
	at com.ibm.ws.managedobject.internal.ManagedObjectImpl.inject(ManagedObjectImpl.java:96)
	at com.ibm.ws.managedobject.internal.ManagedObjectImpl.inject(ManagedObjectImpl.java:87)
	at com.ibm.ws.webcontainer.osgi.webapp.WebApp.inject(WebApp.java:1276)
	... 30 more
Caused by: java.lang.reflect.InvocationTargetException
	at jdk.internal.reflect.GeneratedConstructorAccessor898.newInstance(Unknown Source)
	at java.base/java.lang.reflect.Constructor.newInstanceWithCaller(Constructor.java:500)
	at java.base/java.lang.reflect.Constructor.newInstance(Constructor.java:481)
	at com.ibm.ws.jaxws.client.injection.ServiceRefObjectFactory$4.run(ServiceRefObjectFactory.java:471)
	at java.base/java.security.AccessController.doPrivileged(AccessController.java:552)
	at com.ibm.ws.jaxws.client.injection.ServiceRefObjectFactory.getServiceInstance(ServiceRefObjectFactory.java:467)
	at com.ibm.ws.jaxws.client.injection.ServiceRefObjectFactory.getInstance(ServiceRefObjectFactory.java:307)
	at com.ibm.ws.jaxws.client.injection.ServiceRefObjectFactory.getObjectInstance(ServiceRefObjectFactory.java:279)
	at com.ibm.wsspi.injectionengine.InjectionBinding.getInjectionObjectInstance(InjectionBinding.java:1552)
	at com.ibm.wsspi.injectionengine.InjectionBinding.getInjectionObject(InjectionBinding.java:1428)
	... 35 more
Caused by: javax.xml.ws.WebServiceException: Could not find service named {http://ws.ifrs.edu/}Big in wsdl http://localhost:9080/XmlService?wsdl
	at org.apache.cxf.jaxws.ServiceImpl.initializePorts(ServiceImpl.java:160)
	at org.apache.cxf.jaxws.ServiceImpl.<init>(ServiceImpl.java:148)
	at com.ibm.ws.jaxws.client.LibertyServiceImpl.<init>(LibertyServiceImpl.java:88)
	at com.ibm.ws.jaxws.client.LibertyProviderImpl$1.run(LibertyProviderImpl.java:91)
	at com.ibm.ws.jaxws.client.LibertyProviderImpl$1.run(LibertyProviderImpl.java:88)
	at java.base/java.security.AccessController.doPrivileged(AccessController.java:310)
	at com.ibm.ws.jaxws.client.LibertyProviderImpl.createServiceDelegate(LibertyProviderImpl.java:88)
	at javax.xml.ws.Service.<init>(Service.java:57)
	at com.pw2webservice.pw2xmlwebservice.Big_Service.<init>(Big_Service.java:58)
	... 45 more

Dump of callerThis
Object type = com.ibm.ws.webcontainer.servlet.ServletWrapper$1
  val$className = "com.pw2webservice.pw2xmlwebservice.UI"
  val$servletClass = null
  val$loader = class com.ibm.ws.classloading.internal.ThreadContextClassLoader@3340f932
    tc = class com.ibm.websphere.ras.TraceComponent@6593c128
      strings[0] = "TraceComponent[com.ibm.ws.classloading.internal.ThreadContextClassLoader,class com.ibm.ws.classloading.internal.ThreadContextClassLoader,[ClassLoadingService],com.ibm.ws.classloading.internal.resources.ClassLoadingServiceMessages,null]"
    bundle = class java.util.concurrent.atomic.AtomicReference@3b37083e
      serialVersionUID = "/* Could not access serialVersionUID */"
      VALUE = "/* Could not access VALUE */"
      value = "/* Could not access value */"
    key = "WebModule:ws#ws.war"
    refCount = class java.util.concurrent.atomic.AtomicInteger@63161fc0
      serialVersionUID = "/* Could not access serialVersionUID */"
      U = "/* Could not access U */"
      VALUE = "/* Could not access VALUE */"
      value = "/* Could not access value */"
      serialVersionUID = "/* Could not access serialVersionUID */"
    appLoader = class com.ibm.ws.classloading.internal.AppClassLoader@4e42fec6
      tc = class com.ibm.websphere.ras.TraceComponent@7ab97044
      disableSharedClassesCache = false
      PARENT_FIRST_SEARCH_ORDER = class java.util.Collections$UnmodifiableRandomAccessList@3567f9a7
      packagesDefined = class java.util.Collections$SetFromMap@3b4519ec
      CLASS_LOADING_TRACE_PREFIX = "com.ibm.ws.class.load."
      DEFAULT_PACKAGE = "default.package"
      perPackageClassLoadingTraceComponents = class java.util.concurrent.ConcurrentHashMap@58e8b661
      config = class com.ibm.ws.classloading.internal.ClassLoaderConfigurationImpl@3c618fe6
      privateLibraries = null
      delegateLoaders = class com.ibm.ws.classloading.internal.util.CompositeIterable@3641f30c
      nativeLibraryFiles = class java.util.ArrayList@25d80651
      transformers = class java.util.ArrayList@381ee735
      apiAccess = class com.ibm.ws.classloading.internal.GatewayClassLoader@45ec57ce
      generator = class com.ibm.ws.classloading.internal.ClassGeneratorManager@8b0516f
      protectionDomains = class java.util.concurrent.ConcurrentHashMap@31501ae6
      parent = class com.ibm.ws.classloading.internal.GatewayClassLoader@45ec57ce
      hook = null
      serialVersionUID = 8734164900246230615
      tc = class com.ibm.websphere.ras.TraceComponent@50497d5
      smartClassPath = class com.ibm.ws.classloading.internal.ContainerClassLoader$SmartClassPathImpl@545f7813
      nativeLibraryContainers = class java.util.ArrayList@1b370ae2
      redefiner = class com.ibm.ws.classloading.internal.util.ClassRedefiner@11860bc2
      jarProtocol = "wsjar:"
      mapCreationQueue = class java.util.concurrent.Executors$FinalizableDelegatedExecutorService@20b0a43e
      serialVersionUID = 6399598832433768509
      serialVersionUID = 1837293532091806117
      $$$tc$$$ = class com.ibm.websphere.ras.TraceComponent@3bfab019
      serialVersionUID = -4586727107834513475
      $$$tc$$$ = class com.ibm.websphere.ras.TraceComponent@92c35e2
      serialVersionUID = -7709588811276454856
      $$$tc$$$ = class com.ibm.websphere.ras.TraceComponent@67969489
      pdcache = "/* Could not access pdcache */"
    clSvc = class com.ibm.ws.classloading.internal.ClassLoadingServiceImpl@53aa53cd
      tc = class com.ibm.websphere.ras.TraceComponent@64ec833b
      leakDetectionMap = class java.util.HashMap@f00cfdb
      appClassLoaders = class java.util.Collections$SetFromMap@2c43a4c3
      TCCL_LOCK_WAIT = 15000
      REFERENCE_GENERATORS = "generators"
      bundleContext = class org.eclipse.osgi.internal.framework.BundleContextImpl@677838fc
      aclStore = class com.ibm.ws.classloading.internal.util.CanonicalStore@dba7292
      tcclStore = class com.ibm.ws.classloading.internal.util.CanonicalStore@280ea64f
      tcclStoreLock = class java.util.concurrent.locks.ReentrantLock@21f9da82
      digraph = class org.eclipse.equinox.internal.region.StandardRegionDigraph@102d07c2
      redefiner = class com.ibm.ws.classloading.internal.util.ClassRedefiner@11860bc2
      listener = class com.ibm.ws.classloading.internal.ClassLoadingServiceImpl$1@4e5dd9b7
      classloaders = class java.util.Collections$SynchronizedMap@13bc22ed
      resourceProviders = class com.ibm.ws.classloading.internal.CompositeResourceProvider@7c7ec7d2
      rememberedBundles = class java.util.concurrent.ConcurrentHashMap@495dc88
      collectedBundles = class java.lang.ref.ReferenceQueue@24252dcc
      generatorRefs = class com.ibm.wsspi.kernel.service.utils.ConcurrentServiceReferenceSet@567cc8ef
      generatorManager = class com.ibm.ws.classloading.internal.ClassGeneratorManager@8b0516f
      appExtLibs = class java.util.concurrent.CopyOnWriteArrayList@5c36c5a5
      globalConfig = class com.ibm.ws.classloading.configuration.GlobalClassloadingConfiguration@76ed3337
      metaInfServicesProviders = class java.util.concurrent.ConcurrentHashMap@7bab3b6b
      metaInfServicesRefs = class com.ibm.wsspi.kernel.service.utils.ConcurrentServiceReferenceMap@4ba0bf41
      protectionDomainMap = class java.util.HashMap@21d1407d
      metadataIdentifierService = class com.ibm.ws.container.service.metadata.internal.MetaDataServiceImpl@3ebabbfb
      globalSharedLibrary = class java.util.concurrent.atomic.AtomicReference@1ce8af24
      serialVersionUID = 4365026902615131286
    serialVersionUID = 846416563800781557
    tc = class com.ibm.websphere.ras.TraceComponent@4d7d2677
      strings[0] = "TraceComponent[com.ibm.ws.classloading.internal.UnifiedClassLoader,class com.ibm.ws.classloading.internal.UnifiedClassLoader,[ClassLoadingService],com.ibm.ws.classloading.internal.resources.ClassLoadingServiceMessages,null]"
    followOnClassLoaders = class java.util.ArrayList@30031e9
      serialVersionUID = "/* Could not access serialVersionUID */"
      DEFAULT_CAPACITY = "/* Could not access DEFAULT_CAPACITY */"
      EMPTY_ELEMENTDATA = "/* Could not access EMPTY_ELEMENTDATA */"
      DEFAULTCAPACITY_EMPTY_ELEMENTDATA = "/* Could not access DEFAULTCAPACITY_EMPTY_ELEMENTDATA */"
      elementData = "/* Could not access elementData */"
      size = "/* Could not access size */"
      MAX_ARRAY_SIZE = "/* Could not access MAX_ARRAY_SIZE */"
      modCount = "/* Could not access modCount */"
      MAX_ARRAY_SIZE = "/* Could not access MAX_ARRAY_SIZE */"
    serialVersionUID = 8829649920524275888
    serialVersionUID = -4586727107834513475
    $$$tc$$$ = class com.ibm.websphere.ras.TraceComponent@92c35e2
      strings[0] = "TraceComponent[com.ibm.ws.classloading.internal.LibertyLoader,class com.ibm.ws.classloading.internal.LibertyLoader,[ClassLoadingService],com.ibm.ws.classloading.internal.resources.ClassLoadingServiceMessages,null]"
    serialVersionUID = -7709588811276454856
    $$$tc$$$ = class com.ibm.websphere.ras.TraceComponent@67969489
      strings[0] = "TraceComponent[com.ibm.ws.classloading.LibertyClassLoader,class com.ibm.ws.classloading.LibertyClassLoader,[ClassLoadingService],com.ibm.ws.classloading.internal.resources.ClassLoadingServiceMessages,null]"
    pdcache = "/* Could not access pdcache */"
  val$servletName = "com.pw2webservice.pw2xmlwebservice.UI"
  this$0 = class com.ibm.ws.webcontainer.osgi.servlet.ServletWrapper@14a89a53
    serialVersionUID = 1
    _mo = null
    serialVersionUID = -4479626085298397598
    notifyInvocationListeners = false
    UNINITIALIZED_STATE = -1
    AVAILABLE_STATE = 0
    UNAVAILABLE_STATE = 1
    UNAVAILABLE_PERMANENTLY_STATE = 2
    collabHelper = class com.ibm.ws.webcontainer.osgi.collaborator.CollaboratorHelperImpl@5c7fde54
      webAppInvCollabs = class java.util.Collections$UnmodifiableSet@798531c5
      securityDomainForApp = null
      logger = class com.ibm.ws.logging.internal.WsLogger@120b286d
      staticDefaultSecurityCollaborator = class com.ibm.ws.webcontainer.collaborator.WebAppSecurityCollaborator@4bc33487
      logger = class com.ibm.ws.logging.internal.WsLogger@7b85f289
      CLASS_NAME = "com.ibm.wsspi.webcontainer.collaborator.CollaboratorHelper"
      webApp = class com.ibm.ws.webcontainer40.osgi.webapp.WebApp40@4a36442b
      securityCollaborator = class com.ibm.ws.webcontainer.collaborator.WebAppSecurityCollaborator@4bc33487
      nameSpaceCollaborator = class com.ibm.ws.webcontainer.osgi.collaborator.WebAppNameSpaceCollaboratorImpl@70372e6c
      transactionCollaborator = class com.ibm.ws.webcontainer.collaborator.WebAppTransactionCollaborator@6dc867f9
      connectionCollaborator = class com.ibm.ws.webcontainer.collaborator.ConnectionHandleCollaborator@4032fc4d
      allCollabEnum = class java.util.RegularEnumSet@2b5eff25
      servlet_23_or_greater = true
      DEFER_SERVLET_REQUEST_LISTENER_DESTROY_ON_ERROR = false
    nServicing = class java.util.concurrent.atomic.AtomicInteger@5464930f
      serialVersionUID = "/* Could not access serialVersionUID */"
      U = "/* Could not access U */"
      VALUE = "/* Could not access VALUE */"
      value = "/* Could not access value */"
      serialVersionUID = "/* Could not access serialVersionUID */"
    lastAccessTime = 1626638149548
    state = -1
    logger = class com.ibm.ws.logging.internal.WsLogger@4dc6b51f
      ivCachedResourceBundleName = "com.ibm.ws.webcontainer.resources.Messages"
      ivCachedResourceBundle = class com.ibm.ws.webcontainer.resources.Messages_pt_BR@443b743a
      ivComponent = null
      ivOrganization = null
      ivProduct = null
      ivMinimumLocalizationLevelIntValue = 625
      ivTC = class com.ibm.websphere.ras.TraceComponent@65047c2c
      loggerRegistrationComponent = class java.lang.ThreadLocal@38909e9e
      emptyHandlers = "/* Could not access emptyHandlers */"
      offValue = "/* Could not access offValue */"
      SYSTEM_LOGGER_RB_NAME = "/* Could not access SYSTEM_LOGGER_RB_NAME */"
      SYSTEM_BUNDLE = "/* Could not access SYSTEM_BUNDLE */"
      NO_RESOURCE_BUNDLE = "/* Could not access NO_RESOURCE_BUNDLE */"
      config = "/* Could not access config */"
      manager = "/* Could not access manager */"
      name = "/* Could not access name */"
      loggerBundle = "/* Could not access loggerBundle */"
      anonymous = "/* Could not access anonymous */"
      catalog = "/* Could not access catalog */"
      catalogName = "/* Could not access catalogName */"
      catalogLocale = "/* Could not access catalogLocale */"
      treeLock = "/* Could not access treeLock */"
      parent = "/* Could not access parent */"
      kids = "/* Could not access kids */"
      callerModuleRef = "/* Could not access callerModuleRef */"
      isSystemLogger = "/* Could not access isSystemLogger */"
      GLOBAL_LOGGER_NAME = "global"
      global = class java.util.logging.Logger@704c677a
    CLASS_NAME = "com.ibm.ws.webcontainer.servlet.ServletWrapper"
    nls = class com.ibm.ejs.ras.TraceNLS@3d4aab43
      resolver = class com.ibm.ws.logging.internal.TraceNLSResolver@52fc414f
      finder = null
      ivBundleName = "com.ibm.ws.webcontainer.resources.Messages"
      caller = class java.lang.Class@3e268443
    servletConfig = class com.ibm.ws.webcontainer.servlet.ServletConfig@454b1536
      logger = class com.ibm.ws.logging.internal.WsLogger@4dc6b51f
      CLASS_NAME = "com.ibm.ws.webcontainer.servlet.ServletConfig"
      nls = class com.ibm.ejs.ras.TraceNLS@7e2ba085
      liberty_nls = class com.ibm.ejs.ras.TraceNLS@185c5a59
      enabled = true
      servletName = "com.pw2webservice.pw2xmlwebservice.UI"
      className = "com.pw2webservice.pw2xmlwebservice.UI"
      mappings = class java.util.ArrayList@4bae5e9a
      startUpWeight = -1
      DEFAULT_STARTUP = -1
      isCachingEnabled = true
      isStatisticsEnabled = true
      isInternal = false
      metaData = class com.ibm.ws.webcontainer.osgi.metadata.WebComponentMetaDataImpl@273fdd96
      singleThreadModelServlet = false
      isJsp = false
      webAppConfig = class com.ibm.ws.webcontainer.osgi.webapp.WebAppConfiguration@4b37e7c
      servletWrapper = class com.ibm.ws.webcontainer.osgi.servlet.ServletWrapper@14a89a53
      servletClass = null
      servlet = null
      addedToLoadOnStartup = true
      previousWeight = null
      multipartConfig = null
      multipartConfigBaseLocation = null
      runAsRole = null
      servletSecurityElement = null
      declareRolesAnnotation = null
      logger = class com.ibm.ws.logging.internal.WsLogger@4dc6b51f
      CLASS_NAME = "com.ibm.ws.webcontainer.servlet.TargetConfig"
      initParams = null
      fileName = null
      displayName = null
      name = "com.pw2webservice.pw2xmlwebservice.UI"
      description = null
      smallIcon = null
      largeIcon = null
      context = class com.ibm.ws.webcontainer40.facade.ServletContextFacade40@7e477221
      className = null
      asyncSupported = false
      _id = "ServletGeneratedId1"
      _attributes = null
      serialVersionUID = 7511545662945734886
      $$$tc$$$ = class com.ibm.websphere.ras.TraceComponent@12d94e88
    context = class com.ibm.ws.webcontainer40.osgi.webapp.WebApp40@4a36442b
      tc = class com.ibm.websphere.ras.TraceComponent@2b2ae39
      servlet40NLS = class com.ibm.ejs.ras.TraceNLS@47a4b9fd
      CLASS_NAME = "com.ibm.ws.webcontainer40.osgi.webapp.WebApp40"
      defaultSessionTimeout = 30
      tc = class com.ibm.websphere.ras.TraceComponent@10b84b34
      CLASS_NAME = "com.ibm.ws.webcontainer31.osgi.webapp.WebApp31"
      servlet31NLS = class com.ibm.ejs.ras.TraceNLS@44e27ea0
      validListenerClasses = class java.lang.Class[7]
      wsocServHandler = null
      tc = class com.ibm.websphere.ras.TraceComponent@399cdd99
      CLASS_NAME = "com.ibm.ws.webcontainer.osgi.webapp.WebApp"
      metaDataService = class com.ibm.ws.container.service.metadata.internal.MetaDataServiceImpl@3ebabbfb
      namespacePopulated = false
      referenceContext = class com.ibm.ws.injectionengine.osgi.internal.OSGiReferenceContextImpl@548ef68f
      j2eeNameFactory = class com.ibm.ws.container.service.metadata.internal.J2EENameFactoryImpl@473c1215
      moduleLoader = class com.ibm.ws.classloading.internal.AppClassLoader@4e42fec6
      webAppConfig = class com.ibm.ws.webcontainer.osgi.webapp.WebAppConfiguration@4b37e7c
      extensionProcessingDisabled = false
      managedObjectService = class com.ibm.ws.managedobject.internal.ManagedObjectServiceImpl@107c632c
      internalServletMetaData = interface com.ibm.wsspi.webcontainer.metadata.WebComponentMetaData[2]
      loginProcessor = null
      logoutProcessor = null
      collabHelper = class com.ibm.ws.webcontainer.osgi.collaborator.CollaboratorHelperImpl@5c7fde54
      envObject = class com.ibm.ws.util.WSThreadLocal@57e094f9
      orderedLibPaths = class java.util.Collections$UnmodifiableRandomAccessList@3ad3a210
      perm = class com.ibm.websphere.security.WebSphereRuntimePermission@17a48f83
      WELCOME_FILE_LIST = "com.ibm.ws.webcontainer.config.WelcomeFileList"
      DIR_BROWSING_MAPPING = "__dirBrowsing__1626636691041"
      FILTER_PROXY_MAPPING = "/__filterProxy__1626636691041"
      logger = class com.ibm.ws.logging.internal.WsLogger@61e4b7e4
      CLASS_NAME = "com.ibm.ws.webcontainer.webapp.WebApp"
      loader = class com.ibm.ws.classloading.internal.ThreadContextClassLoader@3340f932
      facade = class com.ibm.ws.webcontainer40.facade.ServletContextFacade40@7e477221
      features = class java.util.ArrayList@3270b07d
      applicationName = "ws"
      config = class com.ibm.ws.webcontainer.osgi.webapp.WebAppConfiguration@4b37e7c
      securityEnabledForApp = false
      webExtensionProcessor = class com.ibm.ws.webcontainer.osgi.extension.WebExtensionProcessor@15145701
      production = true
      isServlet23 = true
      contextPath = "/"
      internalServletList = class [Ljava.lang.String;[2]
      BY_NAME_ONLY = "/_1626638149316_/"
      filterManager = class com.ibm.ws.webcontainer.osgi.filter.WebAppFilterManagerImpl@6260d21b
      documentRoot = null
      SERVLET_API_VERSION = "Servlet 2.5"
      disableServletAuditLogging = -1
      serverInfo = "IBM WebSphere Liberty/21.0.0.7"
      sessionCtx = class com.ibm.ws.webcontainer31.session.impl.HttpSessionContext31Impl@55247572
      eventSource = class com.ibm.ws.webcontainer.webapp.WebAppEventSource@6059a1cc
      nls = class com.ibm.ejs.ras.TraceNLS@62bf9c88
      liberty_nls = class com.ibm.ejs.ras.TraceNLS@3c4b98da
      error_nls = class com.ibm.ejs.ras.TraceNLS@58df7542
      sessionListeners = class java.util.ArrayList@2ea604ce
      sessionIdListeners = class java.util.ArrayList@30e3864e
      sessionAttrListeners = class java.util.ArrayList@508e45c0
      addedSessionListeners = class java.util.ArrayList@73d84ff6
      addedSessionAttrListeners = class java.util.ArrayList@6d46a537
      servletContextListeners = class java.util.ArrayList@41bb9f27
      servletContextLAttrListeners = class java.util.ArrayList@63b96295
      servletRequestListeners = class java.util.ArrayList@522f36eb
      servletRequestLAttrListeners = class java.util.ArrayList@a984e84
      prependSlashToResource = false
      destroyed = false
      webAppNameSpaceCollab = class com.ibm.ws.webcontainer.osgi.collaborator.WebAppNameSpaceCollaboratorImpl@70372e6c
      txCollab = class com.ibm.ws.webcontainer.collaborator.WebAppTransactionCollaborator@6dc867f9
      sessionActivationListeners = class java.util.ArrayList@17c7ba57
      sessionBindingListeners = class java.util.ArrayList@3fc2cff0
      scratchdir = null
      jspClassLoaderLimit = 0
      jspClassLoaderExclusionList = null
      jspClassLoadersMap = null
      jspClassLoaderLimitTrackIF = false
      defaultExtProc = null
      directoryBrowsingServlet = null
      cdiContexts = class java.util.concurrent.ConcurrentHashMap@14713e8d
      moduleConfig = class com.ibm.ws.webcontainer.osgi.container.DeployedModule@5cd5bee9
      extensionFactories = class java.util.ArrayList@766aa226
      initialized = true
      lock = class com.ibm.ws.webcontainer.webapp.WebApp$1@5ffe4e54
      afterServletContextCreated = false
      redirectContextRoot = false
      errorExceptionTypeFirst = false
      initFilterBeforeServletInit = false
      SET_400_SC_ON_TOO_MANY_PARENT_DIRS = false
      sortedServletConfigs = class java.util.ArrayList@42e68670
      effectiveMajorVersion = 3
      effectiveMinorVersion = 0
      canAddServletContextListener = true
      withinContextInitOfProgAddListener = false
      lastProgAddListenerInitialized = null
      webInfLibClassloader = null
      metaInfCache = class com.ibm.ws.webcontainer.webapp.WebApp$2@33355a33
      useMetaInfCache = true
      SUN_CONFIGURE_LISTENER_CLASSNAME = "com.sun.faces.config.ConfigureListener"
      MYFACES_LIFECYCLE_LISTENER_CLASSNAME = "org.apache.myfaces.webapp.StartupServletContextListener"
      JSF_IMPL_ENABLED_PARAM = "com.ibm.ws.jsf.JSF_IMPL_ENABLED"
      JSF_IMPL_ENABLED_CUSTOM = "Custom"
      JSF_IMPL_ENABLED_NONE = "None"
      staticDocRoot = class com.ibm.ws.webcontainer.util.DocumentRootUtils@10eda5e1
      jspDocRoot = class com.ibm.ws.webcontainer.util.DocumentRootUtils@3d4cc546
      container = class com.ibm.ws.adaptable.module.internal.AdaptableContainerImpl@13c0b230
      metaInfResourceFinder = class com.ibm.ws.webcontainer.util.MetaInfResourceFinder@4bef1199
      postConstructMethods = class com.ibm.ws.webcontainer.webapp.WebApp$AnnotatedMethods@52123e15
      preDestroyMethods = class com.ibm.ws.webcontainer.webapp.WebApp$AnnotatedMethods@2fad5b1b
      OBJ_EMPTY = class java.lang.Object[0]
      CLASS_EMPTY = class java.lang.Class[0]
      DEFAULT_JSP_EXTENSIONS = class java.util.ArrayList@7490cd5d
      DEFER_SERVLET_REQUEST_LISTENER_DESTROY_ON_ERROR = false
      DO_ACCEPT_PARTIAL = true
      DO_NOT_ACCEPT_PARTIAL = false
      DO_ACCEPT_EXCLUDED = true
      DO_NOT_ACCEPT_EXCLUDED = false
      commands = class java.util.ArrayList@47c0798f
      requestMapper = class com.ibm.wsspi.webcontainer.util.URIMapper@4e105f4
      parent = class com.ibm.ws.webcontainer.osgi.webapp.WebGroup@41d1e3f0
      name = "ws"
      isAlive = true
      subElements = null
      attributes = class java.util.concurrent.ConcurrentHashMap@33d924b2
      config = null
      serialVersionUID = -8271459000149267764
      $$$tc$$$ = class com.ibm.websphere.ras.TraceComponent@3acb8da1
    target = null
    cacheWrappers = null
    targetLoader = class com.ibm.ws.classloading.internal.ThreadContextClassLoader@3340f932
    evtSource = class com.ibm.ws.webcontainer.webapp.WebAppEventSource@6059a1cc
      _invocationListeners = class com.ibm.ws.webcontainer.util.EventListeners@605df263
      _servletListeners = class com.ibm.ws.webcontainer.util.EventListeners@326895e3
      _errorListeners = class com.ibm.ws.webcontainer.util.EventListeners@66ad389d
      _applicationListeners = class com.ibm.ws.webcontainer.util.EventListeners@3ad654ba
      _filterInvocationListeners = class com.ibm.ws.webcontainer.util.EventListeners@35977769
      _filterListeners = class com.ibm.ws.webcontainer.util.EventListeners@43262bb5
      _filterErrorListeners = class com.ibm.ws.webcontainer.util.EventListeners@4cc08a9c
    event = null
    unavailableMessage = null
    unavailableUntil = -1
    isSTM = false
    internalServlet = false
    webAppInvocationCollaborators = null
    platformHelper = class com.ibm.ws.webcontainer.PlatformHelper@184f8e95
    webAppNameSpaceCollab = class com.ibm.ws.webcontainer.osgi.collaborator.WebAppNameSpaceCollaboratorImpl@70372e6c
      cmdai = class com.ibm.ws.threadContext.ComponentMetaDataAccessorImpl@6fc957ed
    txCollab = class com.ibm.ws.webcontainer.collaborator.WebAppTransactionCollaborator@6dc867f9
      logger = class com.ibm.ws.logging.internal.WsLogger@120b286d
      CLASS_NAME = "com.ibm.ws.webcontainer.collaborator.WebAppTransactionCollaborator"
    connCollab = class com.ibm.ws.webcontainer.collaborator.ConnectionHandleCollaborator@4032fc4d
      tc = class com.ibm.websphere.ras.TraceComponent@3cc2b09a
      threadContext = class com.ibm.ws.threadContext.ThreadContextImpl@77912f47
    suppressServletExceptionLogging = false
    throwExceptionEnum = class java.util.RegularEnumSet@246df9f8
      serialVersionUID = "/* Could not access serialVersionUID */"
      elements = "/* Could not access elements */"
      elementType = "/* Could not access elementType */"
      universe = "/* Could not access universe */"
      MAX_ARRAY_SIZE = "/* Could not access MAX_ARRAY_SIZE */"
    discernUnavailableServlet = false
    reInitServletonInitUnavailableException = true
    destroyServletonServiceUnavailableException = false
    servlet23 = true
    PARAMS_HEAD_TRACE = class java.lang.Class[2]
      Class[0] = class java.lang.Class@33c68f23
      Class[1] = class java.lang.Class@58902aec
    defaultHeadMethodInUse = false
    defaultTraceMethodInUse = false
    checkedForDefaultMethods = null
    defaultTraceRequestBehavior = false
    defaultHeadRequestBehavior = false
    useOriginalRequestState = false
    warningStatusSet = false
    LSTRING_FILE = "javax.servlet.LocalStrings"
    lStrings = class java.util.PropertyResourceBundle@4339b2bd
      encoding = "/* Could not access encoding */"
      lookup = "/* Could not access lookup */"
      INITIAL_CACHE_SIZE = "/* Could not access INITIAL_CACHE_SIZE */"
      NONEXISTENT_BUNDLE = "/* Could not access NONEXISTENT_BUNDLE */"
      cacheList = "/* Could not access cacheList */"
      referenceQueue = "/* Could not access referenceQueue */"
      parent = "/* Could not access parent */"
      locale = "/* Could not access locale */"
      name = "/* Could not access name */"
      expired = "/* Could not access expired */"
      cacheKey = "/* Could not access cacheKey */"
      keySet = "/* Could not access keySet */"
      UNKNOWN_FORMAT = "/* Could not access UNKNOWN_FORMAT */"
      TRACE_ON = "/* Could not access TRACE_ON */"
      $assertionsDisabled = "/* Could not access $assertionsDisabled */"
    config = null

