********************************************************************************
product = Open Liberty 21.0.0.7 (wlp-1.0.54.cl210720210629-1900)
wlp.install.dir = C:/Users/tauan/Documents/pw2/pw2xmlwebservice/target/liberty/wlp/
java.home = C:\Java\jdk-12.0.2
java.version = 12.0.2
java.runtime = OpenJDK Runtime Environment (12.0.2+10)
os = Windows 10 (10.0; amd64) (pt_BR)
process = 5060@DESKTOP-8ASVCRH
********************************************************************************
[18/07/2021 17:10:15:550 BRT] 00000001 com.ibm.ws.kernel.launch.internal.FrameworkManager           A CWWKE0001I: O servidor ws foi ativado.
[18/07/2021 17:10:17:459 BRT] 00000001 com.ibm.ws.kernel.launch.internal.FrameworkManager           I CWWKE0002I: O kernel foi iniciado após 6,961 segundos
[18/07/2021 17:10:17:490 BRT] 00000023 com.ibm.ws.kernel.feature.internal.FeatureManager            I CWWKF0007I: Atualização do recurso iniciada.
[18/07/2021 17:10:18:060 BRT] 00000019 com.ibm.ws.app.manager.internal.monitor.DropinMonitor        A CWWKZ0058I: Monitorando dropins para aplicativos.
[18/07/2021 17:10:18:734 BRT] 00000017 org.apache.cxf.bus.osgi.CXFActivator                         I Adding the extensions from bundle com.ibm.ws.org.apache.cxf.cxf.rt.ws.addr.2.6.2 (83) [org.apache.cxf.ws.addressing.policy.AddressingAssertionBuilder, org.apache.cxf.ws.addressing.policy.UsingAddressingAssertionBuilder, org.apache.cxf.ws.addressing.policy.AddressingPolicyInterceptorProvider, org.apache.cxf.ws.addressing.impl.AddressingWSDLExtensionLoader, org.apache.cxf.ws.addressing.WSAddressingFeature$WSAddressingFeatureApplier, org.apache.cxf.ws.addressing.MAPAggregator$MAPAggregatorLoader]
[18/07/2021 17:10:18:738 BRT] 00000017 org.apache.cxf.bus.osgi.CXFActivator                         I Adding the extensions from bundle com.ibm.ws.org.apache.cxf.cxf.rt.bindings.soap.2.6.2 (87) [org.apache.cxf.binding.soap.SoapBindingFactory, org.apache.cxf.binding.soap.SoapTransportFactory]
[18/07/2021 17:10:18:740 BRT] 00000017 org.apache.cxf.bus.osgi.CXFActivator                         I Adding the extensions from bundle com.ibm.ws.org.apache.cxf.cxf.rt.bindings.xml.2.6.2 (94) [org.apache.cxf.binding.xml.XMLBindingFactory, org.apache.cxf.binding.xml.wsdl11.XMLWSDLExtensionLoader]
[18/07/2021 17:10:18:742 BRT] 00000017 org.apache.cxf.bus.osgi.CXFActivator                         I Adding the extensions from bundle com.ibm.ws.org.apache.cxf.cxf.rt.frontend.jaxws.2.6.2 (96) [org.apache.cxf.jaxws.context.WebServiceContextResourceResolver]
[18/07/2021 17:10:18:744 BRT] 00000017 org.apache.cxf.bus.osgi.CXFActivator                         I Adding the extensions from bundle com.ibm.ws.org.apache.cxf.cxf.rt.management.2.6.2 (98) [org.apache.cxf.management.InstrumentationManager]
[18/07/2021 17:10:18:756 BRT] 00000017 org.apache.cxf.bus.osgi.CXFActivator                         I Adding the extensions from bundle com.ibm.ws.org.apache.cxf.cxf.rt.transports.http.2.6.2 (104) [org.apache.cxf.transport.http.HTTPTransportFactory, org.apache.cxf.transport.http.HTTPWSDLExtensionLoader, org.apache.cxf.transport.http.policy.HTTPClientAssertionBuilder, org.apache.cxf.transport.http.policy.HTTPServerAssertionBuilder, org.apache.cxf.transport.http.policy.NoOpPolicyInterceptorProvider]
[18/07/2021 17:10:18:759 BRT] 00000017 org.apache.cxf.bus.osgi.CXFActivator                         I Adding the extensions from bundle com.ibm.ws.org.apache.cxf.cxf.rt.ws.policy.2.6.2 (106) [org.apache.cxf.ws.policy.PolicyEngine, org.apache.cxf.policy.PolicyDataEngine, org.apache.cxf.ws.policy.AssertionBuilderRegistry, org.apache.cxf.ws.policy.PolicyInterceptorProviderRegistry, org.apache.cxf.ws.policy.PolicyBuilder, org.apache.cxf.ws.policy.PolicyAnnotationListener, org.apache.cxf.ws.policy.attachment.ServiceModelPolicyProvider, org.apache.cxf.ws.policy.attachment.external.DomainExpressionBuilderRegistry, org.apache.cxf.ws.policy.attachment.external.EndpointReferenceDomainExpressionBuilder, org.apache.cxf.ws.policy.attachment.wsdl11.Wsdl11AttachmentPolicyProvider, org.apache.cxf.ws.policy.mtom.MTOMAssertionBuilder, org.apache.cxf.ws.policy.mtom.MTOMPolicyInterceptorProvider]
[18/07/2021 17:10:19:474 BRT] 0000002a com.ibm.ws.app.manager.AppMessageHelper                      I CWWKZ0018I: Iniciando o aplicativo ws.
[18/07/2021 17:10:19:477 BRT] 0000002a bm.ws.app.manager.war.internal.WARDeployedAppInfoFactoryImpl I CWWKZ0134I: O aplicativo ws está usando a definição de aplicativo indefinido no local C:\Users\tauan\Documents\pw2\pw2xmlwebservice\target\liberty\wlp\usr\servers\ws\apps\ws.war.xml.
[18/07/2021 17:10:22:114 BRT] 0000002a com.ibm.ws.session.WASSessionCore                            I SESN8501I: O gerenciador de sessões não localizou um local de armazenamento persistente; objetos HttpSession serão armazenados na memória do servidor de aplicativos local.
[18/07/2021 17:10:22:126 BRT] 0000002a com.ibm.ws.webcontainer.osgi.webapp.WebGroup                 I SRVE0169I: Carregando o Módulo da Web: ws.
[18/07/2021 17:10:22:134 BRT] 0000002a com.ibm.ws.webcontainer                                      I SRVE0250I: O Módulo da Web ws foi ligado ao default_host.
[18/07/2021 17:10:22:135 BRT] 0000002a com.ibm.ws.http.internal.VirtualHostImpl                     A CWWKT0016I: Aplicativo da Web disponível (default_host): http://localhost:9080/
[18/07/2021 17:10:22:233 BRT] 0000002a com.ibm.ws.webcontainer.osgi.mbeans.PluginGenerator          I SRVE9103I: Um arquivo de configuração para um plug-in de servidor da web foi automaticamente gerado para este servidor em C:\Users\tauan\Documents\pw2\pw2xmlwebservice\target\liberty\wlp\usr\servers\ws\logs\state\plugin-cfg.xml.
[18/07/2021 17:10:22:437 BRT] 00000025 org.apache.cxf.management.jmx.InstrumentationManagerImpl     I registering MBean org.apache.cxf:bus.id=ws-Client-Bus,type=Bus,instance.id=1008611086: org.apache.cxf.bus.ManagedBus@3decdbb6
[18/07/2021 17:10:22:461 BRT] 00000025 org.apache.cxf.management.jmx.InstrumentationManagerImpl     I registered org.apache.cxf:bus.id=ws-Client-Bus,type=Bus,instance.id=1008611086
[18/07/2021 17:10:22:616 BRT] 00000025 org.apache.cxf.management.jmx.InstrumentationManagerImpl     I registering MBean org.apache.cxf:bus.id=ws-Client-Bus,WorkQueueManager=Bus.WorkQueueManager,type=WorkQueueManager,instance.id=39538846: org.apache.cxf.bus.managers.WorkQueueManagerImplMBeanWrapper@5dce789d
[18/07/2021 17:10:22:751 BRT] 00000025 com.ibm.ws.session.WASSessionCore                            I SESN0176I: Um novo contexto de sessão será criado para a chave do aplicativo default_host/
[18/07/2021 17:10:22:774 BRT] 00000025 com.ibm.ws.util                                              I SESN0172I: O gerenciador de sessões está usando a implementação SecureRandom padrão Java para geração do ID de sessão.
[18/07/2021 17:10:22:869 BRT] 00000025 com.ibm.ws.app.manager.AppMessageHelper                      A CWWKZ0001I: O aplicativo ws foi iniciado em 3,395 segundos.
[18/07/2021 17:10:22:896 BRT] 00000023 com.ibm.ws.tcpchannel.internal.TCPPort                       I CWWKO0219I: O Canal TCP defaultHttpEndpoint foi iniciado e agora está atendendo solicitações no host 127.0.0.1  (IPv4: 127.0.0.1) porta 9080.
[18/07/2021 17:10:22:918 BRT] 00000023 com.ibm.ws.kernel.feature.internal.FeatureManager            A CWWKF0012I: O servidor instalou os recursos a seguir: [jaxb-2.2, jaxws-2.2, servlet-4.0].
[18/07/2021 17:10:22:920 BRT] 00000023 com.ibm.ws.kernel.feature.internal.FeatureManager            I CWWKF0008I: Atualização do recurso concluída em 5,459 segundos.
[18/07/2021 17:10:22:921 BRT] 00000023 com.ibm.ws.kernel.feature.internal.FeatureManager            A CWWKF0011I: O servidor ws está pronto para gerenciar um planeta mais inteligente. O servidor ws foi iniciado em 12,427 segundos.
[18/07/2021 17:10:25:920 BRT] 00000024 com.ibm.ws.http.internal.VirtualHostImpl                     A CWWKT0017I: Aplicativo da Web removido (default_host): http://localhost:9080/
[18/07/2021 17:10:25:937 BRT] 00000024 com.ibm.ws.app.manager.AppMessageHelper                      A CWWKZ0009I: O aplicativo ws foi interrompido com sucesso.
[18/07/2021 17:10:26:030 BRT] 00000024 com.ibm.ws.app.manager.AppMessageHelper                      I CWWKZ0018I: Iniciando o aplicativo ws.
[18/07/2021 17:10:26:031 BRT] 00000024 bm.ws.app.manager.war.internal.WARDeployedAppInfoFactoryImpl I CWWKZ0134I: O aplicativo ws está usando a definição de aplicativo indefinido no local C:\Users\tauan\Documents\pw2\pw2xmlwebservice\target\liberty\wlp\usr\servers\ws\apps\ws.war.xml.
[18/07/2021 17:10:26:696 BRT] 00000028 com.ibm.ws.webcontainer.osgi.mbeans.PluginGenerator          I SRVE9103I: Um arquivo de configuração para um plug-in de servidor da web foi automaticamente gerado para este servidor em C:\Users\tauan\Documents\pw2\pw2xmlwebservice\target\liberty\wlp\usr\servers\ws\logs\state\plugin-cfg.xml.
[18/07/2021 17:10:27:483 BRT] 00000024 com.ibm.ws.webcontainer.osgi.webapp.WebGroup                 I SRVE0169I: Carregando o Módulo da Web: ws.
[18/07/2021 17:10:27:485 BRT] 00000024 com.ibm.ws.webcontainer                                      I SRVE0250I: O Módulo da Web ws foi ligado ao default_host.
[18/07/2021 17:10:27:485 BRT] 00000024 com.ibm.ws.http.internal.VirtualHostImpl                     A CWWKT0016I: Aplicativo da Web disponível (default_host): http://localhost:9080/
[18/07/2021 17:10:27:528 BRT] 00000023 org.apache.cxf.management.jmx.InstrumentationManagerImpl     I registering MBean org.apache.cxf:bus.id=ws-Client-Bus,type=Bus,instance.id=959984928: org.apache.cxf.bus.ManagedBus@448d378b
[18/07/2021 17:10:27:539 BRT] 00000023 org.apache.cxf.management.jmx.InstrumentationManagerImpl     I registered org.apache.cxf:bus.id=ws-Client-Bus,type=Bus,instance.id=959984928
[18/07/2021 17:10:27:542 BRT] 00000023 org.apache.cxf.management.jmx.InstrumentationManagerImpl     I registering MBean org.apache.cxf:bus.id=ws-Client-Bus,WorkQueueManager=Bus.WorkQueueManager,type=WorkQueueManager,instance.id=307272112: org.apache.cxf.bus.managers.WorkQueueManagerImplMBeanWrapper@6ab93fef
[18/07/2021 17:10:27:574 BRT] 00000023 com.ibm.ws.session.WASSessionCore                            I SESN0176I: Um novo contexto de sessão será criado para a chave do aplicativo default_host/
[18/07/2021 17:10:27:575 BRT] 00000023 com.ibm.ws.util                                              I SESN0172I: O gerenciador de sessões está usando a implementação SecureRandom padrão Java para geração do ID de sessão.
[18/07/2021 17:10:27:583 BRT] 00000023 com.ibm.ws.app.manager.AppMessageHelper                      A CWWKZ0003I: O aplicativo ws foi atualizado em 1,552 segundos.
[18/07/2021 17:10:27:588 BRT] 00000024 com.ibm.ws.webcontainer.osgi.mbeans.PluginGenerator          I SRVE9103I: Um arquivo de configuração para um plug-in de servidor da web foi automaticamente gerado para este servidor em C:\Users\tauan\Documents\pw2\pw2xmlwebservice\target\liberty\wlp\usr\servers\ws\logs\state\plugin-cfg.xml.
[18/07/2021 17:10:30:517 BRT] 00000025 org.apache.cxf.management.jmx.InstrumentationManagerImpl     I registering MBean org.apache.cxf:bus.id=ws-Server-Bus,type=Bus,instance.id=770302698: org.apache.cxf.bus.ManagedBus@3a79b076
[18/07/2021 17:10:30:519 BRT] 00000025 org.apache.cxf.management.jmx.InstrumentationManagerImpl     I registered org.apache.cxf:bus.id=ws-Server-Bus,type=Bus,instance.id=770302698
[18/07/2021 17:10:30:522 BRT] 00000025 org.apache.cxf.management.jmx.InstrumentationManagerImpl     I registering MBean org.apache.cxf:bus.id=ws-Server-Bus,WorkQueueManager=Bus.WorkQueueManager,type=WorkQueueManager,instance.id=1696620041: org.apache.cxf.bus.managers.WorkQueueManagerImplMBeanWrapper@7bc1ef5
[18/07/2021 17:10:31:383 BRT] 00000025 org.apache.cxf.endpoint.ServerImpl                           I Setting the server's publish address to be /Big
[18/07/2021 17:10:31:384 BRT] 00000025 org.apache.cxf.management.jmx.InstrumentationManagerImpl     I registering MBean org.apache.cxf:bus.id=ws-Server-Bus,type=Bus.Service.Endpoint,service="{http://pw2xmlwebservice.pw2webservice.com/}Big",port="BigPort",instance.id=1958724518: org.apache.cxf.endpoint.ManagedEndpoint@6f1a551f
[18/07/2021 17:10:31:400 BRT] 00000025 com.ibm.ws.webcontainer.servlet                              I SRVE0242I: [ws] [/] [com.pw2webservice.pw2xmlwebservice.MyBigWs]: Inicialização bem sucedida.
[18/07/2021 17:10:31:627 BRT] 00000028 com.ibm.ws.logging.internal.impl.IncidentImpl                I FFDC1015I: Um Incidente de FFDC foi criado: "java.security.PrivilegedActionException: java.lang.reflect.InvocationTargetException com.ibm.ws.jaxws.client.injection.ServiceRefObjectFactory 474" em ffdc_21.07.18_17.10.31.0.log
[18/07/2021 17:10:31:654 BRT] 00000028 com.ibm.ws.logging.internal.impl.IncidentImpl                I FFDC1015I: Um Incidente de FFDC foi criado: "java.lang.reflect.InvocationTargetException com.ibm.wsspi.injectionengine.InjectionBinding.getInjectionObject 408" em ffdc_21.07.18_17.10.31.1.log
[18/07/2021 17:10:31:833 BRT] 00000028 com.ibm.ws.logging.internal.impl.IncidentImpl                I FFDC1015I: Um Incidente de FFDC foi criado: "com.ibm.wsspi.injectionengine.InjectionException: com.ibm.wsspi.injectionengine.InjectionException: CWNEN0030E: A fábrica java:comp/env/com.pw2webservice.pw2xmlwebservice.UI/service encontrou um problema ao obter o objeto de ligação java.lang.reflect.InvocationTargetException da instância de objeto.  A mensagem de exceção foi: {2} com.ibm.ws.webcontainer.servlet.ServletWrapper.loadServlet 228" em ffdc_21.07.18_17.10.31.2.log
[18/07/2021 17:10:31:833 BRT] 00000028 com.ibm.ws.webcontainer.servlet                              E SRVE0319E: Para o servlet [com.pw2webservice.pw2xmlwebservice.UI], a classe do servlet com.pw2webservice.pw2xmlwebservice.UI foi localizada, mas ocorreu uma falha na injeção de recursos. com.ibm.wsspi.injectionengine.InjectionException: CWNEN0030E: A fábrica java:comp/env/com.pw2webservice.pw2xmlwebservice.UI/service encontrou um problema ao obter o objeto de ligação java.lang.reflect.InvocationTargetException da instância de objeto.  A mensagem de exceção foi: {2}
[18/07/2021 17:10:31:839 BRT] 00000028 com.ibm.ws.logging.internal.impl.IncidentImpl                I FFDC1015I: Um Incidente de FFDC foi criado: "javax.servlet.UnavailableException: SRVE0319E: Para o servlet [com.pw2webservice.pw2xmlwebservice.UI], a classe do servlet com.pw2webservice.pw2xmlwebservice.UI foi localizada, mas ocorreu uma falha na injeção de recursos. com.ibm.wsspi.injectionengine.InjectionException: CWNEN0030E: A fábrica java:comp/env/com.pw2webservice.pw2xmlwebservice.UI/service encontrou um problema ao obter o objeto de ligação java.lang.reflect.InvocationTargetException da instância de objeto.  A mensagem de exceção foi: {2} com.ibm.ws.webcontainer.servlet.ServletWrapper.handleRequest() 302" em ffdc_21.07.18_17.10.31.3.log
[18/07/2021 17:10:34:837 BRT] 00000029 com.ibm.ws.webcontainer.servlet                              E SRVE0319E: Para o servlet [com.pw2webservice.pw2xmlwebservice.UI], a classe do servlet com.pw2webservice.pw2xmlwebservice.UI foi localizada, mas ocorreu uma falha na injeção de recursos. com.ibm.wsspi.injectionengine.InjectionException: CWNEN0030E: A fábrica java:comp/env/com.pw2webservice.pw2xmlwebservice.UI/service encontrou um problema ao obter o objeto de ligação java.lang.reflect.InvocationTargetException da instância de objeto.  A mensagem de exceção foi: {2}
[18/07/2021 17:10:37:125 BRT] 0000002a com.ibm.ws.webcontainer.servlet                              E SRVE0319E: Para o servlet [com.pw2webservice.pw2xmlwebservice.UI], a classe do servlet com.pw2webservice.pw2xmlwebservice.UI foi localizada, mas ocorreu uma falha na injeção de recursos. com.ibm.wsspi.injectionengine.InjectionException: CWNEN0030E: A fábrica java:comp/env/com.pw2webservice.pw2xmlwebservice.UI/service encontrou um problema ao obter o objeto de ligação java.lang.reflect.InvocationTargetException da instância de objeto.  A mensagem de exceção foi: {2}
[18/07/2021 17:10:45:008 BRT] 00000014 com.ibm.ws.kernel.launch.internal.ServerCommandListener      A CWWKE0055I: Encerramento do servidor solicitado em domingo, 18 de julho de 2021 às 17:10. O servidor ws está sendo encerrado.
[18/07/2021 17:10:45:035 BRT] 00000035 com.ibm.ws.runtime.update.internal.RuntimeUpdateManagerImpl  A CWWKE1100I: Aguardando até 30 segundos para o servidor ser colocado em modo quiesce.
[18/07/2021 17:10:45:067 BRT] 0000002a com.ibm.ws.tcpchannel.internal.TCPChannel                    I CWWKO0220I: O Canal TCP defaultHttpEndpoint interrompeu o atendimento das solicitações no host 127.0.0.1  (IPv4: 127.0.0.1) porta 9080.
[18/07/2021 17:10:45:079 BRT] 0000002a com.ibm.ws.http.internal.VirtualHostImpl                     A CWWKT0017I: Aplicativo da Web removido (default_host): http://localhost:9080/
[18/07/2021 17:10:46:093 BRT] 00000035 com.ibm.ws.runtime.update.internal.RuntimeUpdateManagerImpl  I CWWKE1101I: Colocação em modo quiesce do servidor concluída.
[18/07/2021 17:10:46:175 BRT] 00000023 com.ibm.ws.webcontainer.servlet                              I SRVE0253I: [ws] [/] [com.pw2webservice.pw2xmlwebservice.MyBigWs]: Destruição bem sucedida.
[18/07/2021 17:10:46:182 BRT] 00000023 com.ibm.ws.app.manager.AppMessageHelper                      A CWWKZ0009I: O aplicativo ws foi interrompido com sucesso.
[18/07/2021 17:10:46:558 BRT] 00000035 org.apache.cxf.bus.osgi.CXFActivator                         I Removing the extensions for bundle 96
[18/07/2021 17:10:46:558 BRT] 00000035 org.apache.cxf.bus.osgi.CXFActivator                         I Removing the extensions for bundle 98
[18/07/2021 17:10:46:558 BRT] 00000035 org.apache.cxf.bus.osgi.CXFActivator                         I Removing the extensions for bundle 104
[18/07/2021 17:10:46:559 BRT] 00000035 org.apache.cxf.bus.osgi.CXFActivator                         I Removing the extensions for bundle 106
[18/07/2021 17:10:46:559 BRT] 00000035 org.apache.cxf.bus.osgi.CXFActivator                         I Removing the extensions for bundle 83
[18/07/2021 17:10:46:559 BRT] 00000035 org.apache.cxf.bus.osgi.CXFActivator                         I Removing the extensions for bundle 87
[18/07/2021 17:10:46:559 BRT] 00000035 org.apache.cxf.bus.osgi.CXFActivator                         I Removing the extensions for bundle 94
[18/07/2021 17:10:47:704 BRT] 00000001 com.ibm.ws.kernel.launch.internal.FrameworkManager           A CWWKE0036I: O servidor ws foi interrompido depois de 37,211 segundos.
